


materialPath: C:\Program Files (x86)\Steam\SteamApps\common\Fistful of Frags\sdk\hl2\materials
Loading c:\program files (x86)\steam\steamapps\common\fistful of frags\fof\mapsrc\fof_appleloosa.vmf
Could not locate 'GameData' key in c:\program files (x86)\steam\steamapps\common\fistful of frags\sdk\hl2\gameinfo.txt
fixing up env_cubemap materials on brush sides...
0...1...2...3...4...5...6...7...8...9...100...1...2...3...4...5...6...7...8...9...10Processing areas...done (0)
Building Faces...done (0)
FixTjuncs...
PruneNodes...
WriteBSP...
done (0)
writing c:\program files (x86)\steam\steamapps\common\fistful of frags\fof\mapsrc\fof_appleloosa.prt...Building visibility clusters...
done (0)
Creating default LDR cubemaps for env_cubemap using skybox materials:
   skybox/sky_day01_01*.vmt
 ! Run buildcubemaps in the engine to get the correct cube maps.
Creating default HDR cubemaps for env_cubemap using skybox materials:
   skybox/sky_day01_01*.vmt
 ! Run buildcubemaps in the engine to get the correct cube maps.
Finding displacement neighbors...
Finding lightmap sample positions...
Displacement Alpha : 0...1...2...3...4...5...6...7...8...9...10
Building Physics collision data...
done (0) (32949 bytes)
Placing detail props : 0...1...2...3...4...5...6...7...8...9...10
Compacting texture/material tables...
Reduced 269 texinfos to 214
Reduced 22 texdatas to 21 (505 bytes to 460)
Writing c:\program files (x86)\steam\steamapps\common\fistful of frags\fof\mapsrc\fof_appleloosa.bsp
0 seconds elapsed



8 threads
reading c:\program files (x86)\steam\steamapps\common\fistful of frags\fof\mapsrc\fof_appleloosa.bsp
reading c:\program files (x86)\steam\steamapps\common\fistful of frags\fof\mapsrc\fof_appleloosa.prt
 355 portalclusters
1161 numportals
0...1...2...3...4...5...6...7...8...9...10Optimized: 3464 visible clusters (3.33%)
Total clusters visible: 104079
Average clusters visible: 293
Building PAS...
Average clusters audible: 355
visdatasize:34644  compressed from 34080
writing c:\program files (x86)\steam\steamapps\common\fistful of frags\fof\mapsrc\fof_appleloosa.bsp
0 seconds elapsed



Could not find lights.rad in lights.rad.
Trying VRAD BIN directory instead...
Warning: Couldn't open texlight file C:\Program Files (x86)\Steam\SteamApps\common\Fistful of Frags\sdk\bin\lights.rad.
Loading c:\program files (x86)\steam\steamapps\common\fistful of frags\fof\mapsrc\fof_appleloosa.bsp
765 faces
1 degenerate faces
34622 square feet [4985574.00 square inches]
0 Displacements
0 Square Feet [0.00 Square Inches]
764 patches before subdivision
1754 patches after subdivision
0 direct lights
0...1...2...3...4...5...6...7...8...9...100...1...2...3...4...5...6...7...8...9...10transfers 81938, max 283
transfer lists:   0.6 megs
0...1...2...3...4...5...6...7...8...9...10	Bounce #1 added RGB(0, 0, 0)
Build Patch/Sample Hash Table(s).....Done<0.0004 sec>
0...1...2...3...4...5...6...7...8...9...10FinalLightFace Done
0 of 0 (0% of) surface lights went in leaf ambient cubes.
0...1...2...3...4...5...6...7...8...9...10Writing leaf ambient...done
Ready to Finish

Object names       Objects/Maxobjs  Memory / Maxmem  Fullness 
------------       ---------------  ---------------  -------- 
models                   2/1024           96/49152    ( 0.2%) 
brushes                 82/8192          984/98304    ( 1.0%) 
brushsides             738/65536        5904/524288   ( 1.1%) 
planes                 654/65536       13080/1310720  ( 1.0%) 
vertexes              1197/65536       14364/786432   ( 1.8%) 
nodes                  576/65536       18432/2097152  ( 0.9%) 
texinfos               214/12288       15408/884736   ( 1.7%) 
texdata                 21/2048          672/65536    ( 1.0%) 
dispinfos                0/0               0/0        ( 0.0%) 
disp_verts               0/0               0/0        ( 0.0%) 
disp_tris                0/0               0/0        ( 0.0%) 
disp_lmsamples           0/0               0/0        ( 0.0%) 
faces                  765/65536       42840/3670016  ( 1.2%) 
hdr faces                0/65536           0/3670016  ( 0.0%) 
origfaces              252/65536       14112/3670016  ( 0.4%) 
leaves                 579/65536       18528/2097152  ( 0.9%) 
leaffaces              939/65536        1878/131072   ( 1.4%) 
leafbrushes            420/65536         840/131072   ( 0.6%) 
areas                    2/256            16/2048     ( 0.8%) 
surfedges             4732/512000      18928/2048000  ( 0.9%) 
edges                 2927/256000      11708/1024000  ( 1.1%) 
LDR worldlights          0/8192            0/720896   ( 0.0%) 
HDR worldlights          0/8192            0/720896   ( 0.0%) 
leafwaterdata            0/32768           0/393216   ( 0.0%) 
waterstrips             60/32768         600/327680   ( 0.2%) 
waterverts               0/65536           0/786432   ( 0.0%) 
waterindices           990/65536        1980/131072   ( 1.5%) 
cubemapsamples           0/1024            0/16384    ( 0.0%) 
overlays                 0/512             0/180224   ( 0.0%) 
LDR lightdata         [variable]       85876/0        ( 0.0%) 
HDR lightdata         [variable]           0/0        ( 0.0%) 
visdata               [variable]       34644/16777216 ( 0.2%) 
entdata               [variable]         922/393216   ( 0.2%) 
LDR ambient table      579/65536        2316/262144   ( 0.9%) 
HDR ambient table      579/65536        2316/262144   ( 0.9%) 
LDR leaf ambient       382/65536       10696/1835008  ( 0.6%) 
HDR leaf ambient       579/65536       16212/1835008  ( 0.9%) 
occluders                0/0               0/0        ( 0.0%) 
occluder polygons        0/0               0/0        ( 0.0%) 
occluder vert ind        0/0               0/0        ( 0.0%) 
detail props          [variable]           1/12       ( 8.3%) 
static props          [variable]           1/12       ( 8.3%) 
pakfile               [variable]      211645/0        ( 0.0%) 
physics               [variable]       32949/4194304  ( 0.8%) 
physics terrain       [variable]           2/1048576  ( 0.0%) 

Level flags = 0

Total triangle count: 2182
Writing c:\program files (x86)\steam\steamapps\common\fistful of frags\fof\mapsrc\fof_appleloosa.bsp
3 seconds elapsed



materialPath: C:\Program Files (x86)\Steam\SteamApps\common\Fistful of Frags\sdk\hl2\materials
Loading c:\program files (x86)\steam\steamapps\common\fistful of frags\fof\mapsrc\fof_appleloosa.vmf
Could not locate 'GameData' key in c:\program files (x86)\steam\steamapps\common\fistful of frags\sdk\hl2\gameinfo.txt
fixing up env_cubemap materials on brush sides...
0...1...2...3...4...5...6...7...8...9...100...1...2...3...4...5...6...7...8...9...10Processing areas...done (0)
Building Faces...done (0)
FixTjuncs...
PruneNodes...
WriteBSP...
done (0)
writing c:\program files (x86)\steam\steamapps\common\fistful of frags\fof\mapsrc\fof_appleloosa.prt...Building visibility clusters...
done (0)
Creating default LDR cubemaps for env_cubemap using skybox materials:
   skybox/sky_day01_01*.vmt
 ! Run buildcubemaps in the engine to get the correct cube maps.
Creating default HDR cubemaps for env_cubemap using skybox materials:
   skybox/sky_day01_01*.vmt
 ! Run buildcubemaps in the engine to get the correct cube maps.
Finding displacement neighbors...
Finding lightmap sample positions...
Displacement Alpha : 0...1...2...3...4...5...6...7...8...9...10
Building Physics collision data...
done (0) (28829 bytes)
Placing detail props : 0...1...2...3...4...5...6...7...8...9...10
Compacting texture/material tables...
Reduced 256 texinfos to 203
Reduced 21 texdatas to 20 (455 bytes to 410)
Writing c:\program files (x86)\steam\steamapps\common\fistful of frags\fof\mapsrc\fof_appleloosa.bsp
0 seconds elapsed



8 threads
reading c:\program files (x86)\steam\steamapps\common\fistful of frags\fof\mapsrc\fof_appleloosa.bsp
reading c:\program files (x86)\steam\steamapps\common\fistful of frags\fof\mapsrc\fof_appleloosa.prt
 301 portalclusters
 949 numportals
0...1...2...3...4...5...6...7...8...9...10Optimized: 2600 visible clusters (3.55%)
Total clusters visible: 73178
Average clusters visible: 243
Building PAS...
Average clusters audible: 301
visdatasize:25130  compressed from 24080
writing c:\program files (x86)\steam\steamapps\common\fistful of frags\fof\mapsrc\fof_appleloosa.bsp
0 seconds elapsed



Could not find lights.rad in lights.rad.
Trying VRAD BIN directory instead...
Warning: Couldn't open texlight file C:\Program Files (x86)\Steam\SteamApps\common\Fistful of Frags\sdk\bin\lights.rad.
Loading c:\program files (x86)\steam\steamapps\common\fistful of frags\fof\mapsrc\fof_appleloosa.bsp
718 faces
1 degenerate faces
33916 square feet [4884035.00 square inches]
0 Displacements
0 Square Feet [0.00 Square Inches]
717 patches before subdivision
1639 patches after subdivision
0 direct lights
0...1...2...3...4...5...6...7...8...9...100...1...2...3...4...5...6...7...8...9...10transfers 68326, max 251
transfer lists:   0.5 megs
0...1...2...3...4...5...6...7...8...9...10	Bounce #1 added RGB(0, 0, 0)
Build Patch/Sample Hash Table(s).....Done<0.0004 sec>
0...1...2...3...4...5...6...7...8...9...10FinalLightFace Done
0 of 0 (0% of) surface lights went in leaf ambient cubes.
0...1...2...3...4...5...6...7...8...9...10Writing leaf ambient...done
Ready to Finish

Object names       Objects/Maxobjs  Memory / Maxmem  Fullness 
------------       ---------------  ---------------  -------- 
models                   2/1024           96/49152    ( 0.2%) 
brushes                 71/8192          852/98304    ( 0.9%) 
brushsides             646/65536        5168/524288   ( 1.0%) 
planes                 600/65536       12000/1310720  ( 0.9%) 
vertexes              1110/65536       13320/786432   ( 1.7%) 
nodes                  530/65536       16960/2097152  ( 0.8%) 
texinfos               203/12288       14616/884736   ( 1.7%) 
texdata                 20/2048          640/65536    ( 1.0%) 
dispinfos                0/0               0/0        ( 0.0%) 
disp_verts               0/0               0/0        ( 0.0%) 
disp_tris                0/0               0/0        ( 0.0%) 
disp_lmsamples           0/0               0/0        ( 0.0%) 
faces                  718/65536       40208/3670016  ( 1.1%) 
hdr faces                0/65536           0/3670016  ( 0.0%) 
origfaces              230/65536       12880/3670016  ( 0.4%) 
leaves                 533/65536       17056/2097152  ( 0.8%) 
leaffaces              868/65536        1736/131072   ( 1.3%) 
leafbrushes            413/65536         826/131072   ( 0.6%) 
areas                    2/256            16/2048     ( 0.8%) 
surfedges             4411/512000      17644/2048000  ( 0.9%) 
edges                 2657/256000      10628/1024000  ( 1.0%) 
LDR worldlights          0/8192            0/720896   ( 0.0%) 
HDR worldlights          0/8192            0/720896   ( 0.0%) 
leafwaterdata            0/32768           0/393216   ( 0.0%) 
waterstrips             41/32768         410/327680   ( 0.1%) 
waterverts               0/65536           0/786432   ( 0.0%) 
waterindices           681/65536        1362/131072   ( 1.0%) 
cubemapsamples           0/1024            0/16384    ( 0.0%) 
overlays                 0/512             0/180224   ( 0.0%) 
LDR lightdata         [variable]       78984/0        ( 0.0%) 
HDR lightdata         [variable]           0/0        ( 0.0%) 
visdata               [variable]       25130/16777216 ( 0.1%) 
entdata               [variable]        1188/393216   ( 0.3%) 
LDR ambient table      533/65536        2132/262144   ( 0.8%) 
HDR ambient table      533/65536        2132/262144   ( 0.8%) 
LDR leaf ambient       328/65536        9184/1835008  ( 0.5%) 
HDR leaf ambient       533/65536       14924/1835008  ( 0.8%) 
occluders                0/0               0/0        ( 0.0%) 
occluder polygons        0/0               0/0        ( 0.0%) 
occluder vert ind        0/0               0/0        ( 0.0%) 
detail props          [variable]           1/12       ( 8.3%) 
static props          [variable]           1/12       ( 8.3%) 
pakfile               [variable]      211645/0        ( 0.0%) 
physics               [variable]       28829/4194304  ( 0.7%) 
physics terrain       [variable]           2/1048576  ( 0.0%) 

Level flags = 0

Total triangle count: 2045
Writing c:\program files (x86)\steam\steamapps\common\fistful of frags\fof\mapsrc\fof_appleloosa.bsp
3 seconds elapsed



materialPath: C:\Program Files (x86)\Steam\SteamApps\common\Fistful of Frags\sdk\hl2\materials
Loading c:\program files (x86)\steam\steamapps\common\fistful of frags\fof\mapsrc\fof_appleloosa.vmf
Could not locate 'GameData' key in c:\program files (x86)\steam\steamapps\common\fistful of frags\sdk\hl2\gameinfo.txt
fixing up env_cubemap materials on brush sides...
0...1...2...3...4...5...6...7...8...9...100...1...2...3...4...5...6...7...8...9...10Processing areas...done (0)
Building Faces...done (0)
FixTjuncs...
PruneNodes...
WriteBSP...
done (0)
writing c:\program files (x86)\steam\steamapps\common\fistful of frags\fof\mapsrc\fof_appleloosa.prt...Building visibility clusters...
done (0)
Creating default LDR cubemaps for env_cubemap using skybox materials:
   skybox/sky_day01_01*.vmt
 ! Run buildcubemaps in the engine to get the correct cube maps.
Creating default HDR cubemaps for env_cubemap using skybox materials:
   skybox/sky_day01_01*.vmt
 ! Run buildcubemaps in the engine to get the correct cube maps.
Finding displacement neighbors...
Finding lightmap sample positions...
Displacement Alpha : 0...1...2...3...4...5...6...7...8...9...10
Building Physics collision data...
done (0) (28833 bytes)
Placing detail props : 0...1...2...3...4...5...6...7...8...9...10
Compacting texture/material tables...
Reduced 256 texinfos to 203
Reduced 21 texdatas to 20 (455 bytes to 410)
Writing c:\program files (x86)\steam\steamapps\common\fistful of frags\fof\mapsrc\fof_appleloosa.bsp
0 seconds elapsed



8 threads
reading c:\program files (x86)\steam\steamapps\common\fistful of frags\fof\mapsrc\fof_appleloosa.bsp
reading c:\program files (x86)\steam\steamapps\common\fistful of frags\fof\mapsrc\fof_appleloosa.prt
 301 portalclusters
 949 numportals
0...1...2...3...4...5...6...7...8...9...10Optimized: 2600 visible clusters (3.55%)
Total clusters visible: 73178
Average clusters visible: 243
Building PAS...
Average clusters audible: 301
visdatasize:25130  compressed from 24080
writing c:\program files (x86)\steam\steamapps\common\fistful of frags\fof\mapsrc\fof_appleloosa.bsp
0 seconds elapsed



Could not find lights.rad in lights.rad.
Trying VRAD BIN directory instead...
Warning: Couldn't open texlight file C:\Program Files (x86)\Steam\SteamApps\common\Fistful of Frags\sdk\bin\lights.rad.
Loading c:\program files (x86)\steam\steamapps\common\fistful of frags\fof\mapsrc\fof_appleloosa.bsp
718 faces
1 degenerate faces
33916 square feet [4884035.00 square inches]
0 Displacements
0 Square Feet [0.00 Square Inches]
717 patches before subdivision
1639 patches after subdivision
0 direct lights
0...1...2...3...4...5...6...7...8...9...100...1...2...3...4...5...6...7...8...9...10transfers 68391, max 251
transfer lists:   0.5 megs
0...1...2...3...4...5...6...7...8...9...10	Bounce #1 added RGB(0, 0, 0)
Build Patch/Sample Hash Table(s).....Done<0.0004 sec>
0...1...2...3...4...5...6...7...8...9...10FinalLightFace Done
0 of 0 (0% of) surface lights went in leaf ambient cubes.
0...1...2...3...4...5...6...7...8...9...10Writing leaf ambient...done
Ready to Finish

Object names       Objects/Maxobjs  Memory / Maxmem  Fullness 
------------       ---------------  ---------------  -------- 
models                   7/1024          336/49152    ( 0.7%) 
brushes                 71/8192          852/98304    ( 0.9%) 
brushsides             646/65536        5168/524288   ( 1.0%) 
planes                 600/65536       12000/1310720  ( 0.9%) 
vertexes              1120/65536       13440/786432   ( 1.7%) 
nodes                  540/65536       17280/2097152  ( 0.8%) 
texinfos               203/12288       14616/884736   ( 1.7%) 
texdata                 20/2048          640/65536    ( 1.0%) 
dispinfos                0/0               0/0        ( 0.0%) 
disp_verts               0/0               0/0        ( 0.0%) 
disp_tris                0/0               0/0        ( 0.0%) 
disp_lmsamples           0/0               0/0        ( 0.0%) 
faces                  718/65536       40208/3670016  ( 1.1%) 
hdr faces                0/65536           0/3670016  ( 0.0%) 
origfaces              230/65536       12880/3670016  ( 0.4%) 
leaves                 548/65536       17536/2097152  ( 0.8%) 
leaffaces              868/65536        1736/131072   ( 1.3%) 
leafbrushes            413/65536         826/131072   ( 0.6%) 
areas                    2/256            16/2048     ( 0.8%) 
surfedges             4406/512000      17624/2048000  ( 0.9%) 
edges                 2657/256000      10628/1024000  ( 1.0%) 
LDR worldlights          0/8192            0/720896   ( 0.0%) 
HDR worldlights          0/8192            0/720896   ( 0.0%) 
leafwaterdata            0/32768           0/393216   ( 0.0%) 
waterstrips             41/32768         410/327680   ( 0.1%) 
waterverts               0/65536           0/786432   ( 0.0%) 
waterindices           681/65536        1362/131072   ( 1.0%) 
cubemapsamples           0/1024            0/16384    ( 0.0%) 
overlays                 0/512             0/180224   ( 0.0%) 
LDR lightdata         [variable]       78984/0        ( 0.0%) 
HDR lightdata         [variable]           0/0        ( 0.0%) 
visdata               [variable]       25130/16777216 ( 0.1%) 
entdata               [variable]        4110/393216   ( 1.0%) 
LDR ambient table      548/65536        2192/262144   ( 0.8%) 
HDR ambient table      548/65536        2192/262144   ( 0.8%) 
LDR leaf ambient       343/65536        9604/1835008  ( 0.5%) 
HDR leaf ambient       548/65536       15344/1835008  ( 0.8%) 
occluders                0/0               0/0        ( 0.0%) 
occluder polygons        0/0               0/0        ( 0.0%) 
occluder vert ind        0/0               0/0        ( 0.0%) 
detail props          [variable]           1/12       ( 8.3%) 
static props          [variable]           1/12       ( 8.3%) 
pakfile               [variable]      211645/0        ( 0.0%) 
physics               [variable]       28833/4194304  ( 0.7%) 
physics terrain       [variable]           2/1048576  ( 0.0%) 

Level flags = 0

Total triangle count: 2040
Writing c:\program files (x86)\steam\steamapps\common\fistful of frags\fof\mapsrc\fof_appleloosa.bsp
3 seconds elapsed
