PRT1
301
949
4 0 284 (256 0 512 ) (224 0 512 ) (224 0 320 ) (256 0 320 ) 
4 0 285 (224 0 512 ) (0 0 512 ) (0 0 320 ) (224 0 320 ) 
4 0 280 (512 0 512 ) (256 0 512 ) (256 0 320 ) (512 0 320 ) 
4 0 246 (0 208 512 ) (0 240 512 ) (0 240 320 ) (0 208 320 ) 
4 0 242 (0 128 512 ) (0 208 512 ) (0 208 320 ) (0 128 320 ) 
4 0 225 (0 0 320 ) (0 0 512 ) (0 128 512 ) (0 128 320 ) 
4 0 224 (0 240 512 ) (0 512 512 ) (0 512 320 ) (0 240 320 ) 
3 0 7 (72 120 320 ) (72 216 320 ) (197.538452 216 320 ) 
3 0 6 (224 208 320 ) (224 104 320 ) (88 104 320 ) 
4 0 8 (224 0 320 ) (72 0 320 ) (72 104 320 ) (224 104 320 ) 
4 0 9 (72 0 320 ) (0 0 320 ) (0 216 320 ) (72 216 320 ) 
4 0 5 (512 216 320 ) (512 0 320 ) (256 0 320 ) (256 216 320 ) 
4 0 4 (197.538467 216 320 ) (0 216 320 ) (0 224 320 ) (208 224 320 ) 
4 0 3 (0 224 320 ) (0 264 320 ) (216 264 320 ) (216 224 320 ) 
4 0 2 (512 264 320 ) (512 216 320 ) (264 216 320 ) (264 264 320 ) 
4 0 1 (512 512 320 ) (512 264 320 ) (0 264 320 ) (0 512 320 ) 
4 1 224 (0 264 320 ) (0 512 320 ) (0 512 256 ) (0 264 256 ) 
4 1 48 (0 264 256 ) (0 512 256 ) (48 512 256 ) (48 264 256 ) 
4 1 46 (48 512 256 ) (208 512 256 ) (208 264 256 ) (48 264 256 ) 
4 1 19 (216 280 256 ) (216 272 256 ) (208 272 256 ) (208 280 256 ) 
4 1 17 (208 512 256 ) (216 512 256 ) (216 280 256 ) (208 280 256 ) 
4 1 13 (216 272 256 ) (216 280 256 ) (272 280 256 ) (272 272 256 ) 
4 1 12 (280.003906 280 256 ) (280.003906 264 256 ) (272 264 256 ) (272 280 256 ) 
4 1 11 (216 512 256 ) (280.003906 512 256 ) (280.003906 280 256 ) (216 280 256 ) 
4 1 10 (280.003906 512 256 ) (512 512 256 ) (512 264 256 ) (280.003906 264 256 ) 
4 1 3 (0 264 256 ) (216 264 256 ) (216 264 320 ) (0 264 320 ) 
4 1 2 (264 264 256 ) (512 264 256 ) (512 264 320 ) (264 264 320 ) 
4 2 15 (272 264 256 ) (280.003906 264 256 ) (280.003906 216 256 ) (272 216 256 ) 
4 2 14 (280.003906 264 256 ) (512 264 256 ) (512 216 256 ) (280.003906 216 256 ) 
4 2 5 (264 216 256 ) (512 216 256 ) (512 216 320 ) (264 216 320 ) 
4 3 246 (0 224 320 ) (0 240 320 ) (0 240 256 ) (0 224 256 ) 
4 3 224 (0 240 320 ) (0 264 320 ) (0 264 256 ) (0 240 256 ) 
4 3 48 (0 224 256 ) (0 264 256 ) (48 264 256 ) (48 224 256 ) 
4 3 47 (208 256 256 ) (208 224 256 ) (48 224 256 ) (48 256 256 ) 
4 3 46 (48 264 256 ) (208 264 256 ) (208 256 256 ) (48 256 256 ) 
4 3 4 (0 224 256 ) (208 224 256 ) (208 224 320 ) (0 224 320 ) 
4 4 246 (0 216 320 ) (0 224 320 ) (0 224 256 ) (0 216 256 ) 
4 4 216 (0 216 256 ) (0 224 256 ) (48 224 256 ) (24 216 256 ) 
4 4 207 (48 224 256 ) (56.463158 224 256 ) (57.894737 216 256 ) (24 216 256 ) 
4 4 183 (56.463158 224 256 ) (108 224 256 ) (108 216 256 ) (57.894737 216 256 ) 
3 4 54 (193.602844 218.390076 256 ) (194.285721 216 256 ) (193.309402 216 256 ) 
5 4 52 (108 224 256 ) (192 224 256 ) (193.602844 218.390076 256 ) (193.309402 216 256 ) (108 216 256 ) 
5 4 51 (192 224 256 ) (205.334854 224 256 ) (205.685013 223.957016 256 ) (195.500061 216 256 ) (194.285721 216 256 ) 
3 4 50 (205.334854 224 256 ) (208 224 256 ) (207.631287 223.718063 256 ) 
4 4 7 (72 216 256 ) (197.538467 216 256 ) (197.538467 216 320 ) (72 216 320 ) 
4 4 9 (0 216 256 ) (72 216 256 ) (72 216 320 ) (0 216 320 ) 
4 5 280 (256 0 256 ) (512 0 256 ) (512 0 320 ) (256 0 320 ) 
4 5 28 (272 208 256 ) (272 0 256 ) (264 0 256 ) (264 208 256 ) 
4 5 26 (272 216 256 ) (280.003906 216 256 ) (280.003906 200 256 ) (272 200 256 ) 
4 5 25 (280.003906 200 256 ) (280.003906 0 256 ) (272 0 256 ) (272 200 256 ) 
4 5 24 (280.003906 216 256 ) (512 216 256 ) (512 0 256 ) (280.003906 0 256 ) 
4 6 199 (104 104 256 ) (88 104 256 ) (93.230782 108 256 ) (104 108 256 ) 
4 6 195 (106 104 256 ) (104 104 256 ) (104 108 256 ) (106 108 256 ) 
4 6 192 (108 104 256 ) (106 104 256 ) (106 108 256 ) (108 110 256 ) 
4 6 75 (110 104 256 ) (108 104 256 ) (108 110 256 ) (110 112 256 ) 
4 6 74 (112 104 256 ) (110 104 256 ) (110 112 256 ) (112 114 256 ) 
4 6 71 (208 104 256 ) (206 104 256 ) (206 132 256 ) (208 132 256 ) 
5 6 72 (206 104 256 ) (112 104 256 ) (112 122.352928 256 ) (124.615402 132 256 ) (206 132 256 ) 
4 6 58 (124.615402 132 256 ) (204.126678 192.802734 256 ) (208 192.327194 256 ) (208 132 256 ) 
4 6 38 (212 104 256 ) (208 104 256 ) (208 132 256 ) (212 132 256 ) 
4 6 37 (224 132 256 ) (224 104 256 ) (212 104 256 ) (212 132 256 ) 
4 6 33 (224 196 256 ) (224 190.362839 256 ) (210.314957 192.042984 256 ) (215.379959 196 256 ) 
4 6 32 (224 190.362839 256 ) (224 132 256 ) (208 132 256 ) (208 192.327194 256 ) 
4 6 31 (224 208 256 ) (224 202.734406 256 ) (222.922989 201.892990 256 ) (223.638855 207.723816 256 ) 
3 6 29 (224 202.734406 256 ) (224 196 256 ) (215.379959 196 256 ) 
4 6 8 (88 104 256 ) (224 104 256 ) (224 104 320 ) (88 104 320 ) 
3 7 207 (74.703705 122.067543 256 ) (72 120 256 ) (72 137.176498 256 ) 
3 7 197 (84 130 256 ) (84 132 256 ) (86 132 256 ) 
4 7 200 (84 129.176483 256 ) (74.703705 122.067543 256 ) (72.926323 132 256 ) (84 132 256 ) 
4 7 185 (86 132 256 ) (72.926323 132 256 ) (72.210533 136 256 ) (90 136 256 ) 
6 7 183 (72 216 256 ) (108 216 256 ) (108 147.529419 256 ) (92.923065 136 256 ) (72.210533 136 256 ) (72 137.176498 256 ) 
3 7 58 (171.384613 196 256 ) (108 147.529419 256 ) (108 196 256 ) 
4 7 54 (193.309402 216 256 ) (194.285721 216 256 ) (194.507309 215.224426 256 ) (193.076996 214.106979 256 ) 
5 7 52 (108 216 256 ) (193.309402 216 256 ) (192.871216 212.430939 256 ) (171.384613 196 256 ) (108 196 256 ) 
3 7 51 (194.285721 216 256 ) (195.500061 216 256 ) (194.507309 215.224426 256 ) 
4 7 9 (72 216 320 ) (72 216 256 ) (72 120 256 ) (72 120 320 ) 
4 8 285 (72 0 256 ) (224 0 256 ) (224 0 320 ) (72 0 320 ) 
3 8 217 (96.192780 0 256 ) (72 0 256 ) (72 41.833344 256 ) 
5 8 207 (96.547371 0 256 ) (96.192780 0 256 ) (72 41.833344 256 ) (72 104 256 ) (77.936844 104 256 ) 
5 8 199 (104 0 256 ) (96.547371 0 256 ) (84 70.117653 256 ) (84 104 256 ) (104 104 256 ) 
4 8 195 (106 0 256 ) (104 0 256 ) (104 104 256 ) (106 104 256 ) 
3 8 200 (84 70.117653 256 ) (77.936844 104 256 ) (84 104 256 ) 
4 8 192 (108 0 256 ) (106 0 256 ) (106 104 256 ) (108 104 256 ) 
4 8 75 (110 0 256 ) (108 0 256 ) (108 104 256 ) (110 104 256 ) 
4 8 74 (112 0 256 ) (110 0 256 ) (110 104 256 ) (112 104 256 ) 
4 8 71 (208 0 256 ) (206 0 256 ) (206 104 256 ) (208 104 256 ) 
4 8 72 (206 0 256 ) (112 0 256 ) (112 104 256 ) (206 104 256 ) 
4 8 38 (212 0 256 ) (208 0 256 ) (208 104 256 ) (212 104 256 ) 
4 8 37 (224 104 256 ) (224 0 256 ) (212 0 256 ) (212 104 256 ) 
4 8 9 (72 104 256 ) (72 0 256 ) (72 0 320 ) (72 104 320 ) 
4 9 285 (0 0 320 ) (0 0 256 ) (72 0 256 ) (72 0 320 ) 
4 9 246 (0 208 320 ) (0 216 320 ) (0 216 256 ) (0 208 256 ) 
4 9 242 (0 128 320 ) (0 208 320 ) (0 208 256 ) (0 128 256 ) 
4 9 225 (0 0 256 ) (0 0 320 ) (0 128 320 ) (0 128 256 ) 
4 9 217 (0 0 256 ) (0 166.333328 256 ) (72 41.833344 256 ) (72 0 256 ) 
3 9 216 (0 208 256 ) (0 216 256 ) (24 216 256 ) 
6 9 207 (0 166.333328 256 ) (0 208 256 ) (24 216 256 ) (57.894733 216 256 ) (72 137.176483 256 ) (72 41.833344 256 ) 
3 9 183 (57.894733 216 256 ) (72 216 256 ) (72 137.176483 256 ) 
4 10 20 (216 512 0 ) (216 264 0 ) (216 264 128 ) (216 512 128 ) 
4 10 16 (216 264 128 ) (216 264 191.996323 ) (216 512 191.996323 ) (216 512 128 ) 
5 10 14 (264 264 0 ) (512 264 0 ) (512 264 256 ) (280.003906 264 256 ) (264 264 239.996155 ) 
4 10 12 (268 264 244 ) (280 264 256 ) (280 280 256 ) (268 268 244 ) 
5 10 11 (280 512 256 ) (216 512 192 ) (216 264 192 ) (264 264 240 ) (280 280 256 ) 
4 11 17 (216 264 240 ) (216 280 256 ) (216 512 256 ) (216 512 240 ) 
4 11 16 (216 264 191.996323 ) (216 264 240 ) (216 512 240 ) (216 512 191.996323 ) 
4 11 13 (268 268 244 ) (272 280 256 ) (216 280 256 ) (216 268 244 ) 
3 11 12 (267.998016 267.994110 243.994095 ) (280.003906 280 256 ) (272 280 256 ) 
3 12 15 (267.998016 264 243.994141 ) (280.003906 264 256 ) (272 264 256 ) 
3 12 13 (272.001282 280 256 ) (268.001282 268 244 ) (272.001251 272 256 ) 
3 13 19 (216 272 256 ) (216 280 256 ) (216 268 244 ) 
5 14 24 (264 216 0 ) (512 216 0 ) (512 216 256 ) (280.003906 216 256 ) (264 216 239.996155 ) 
4 14 15 (280 264 256 ) (268 264 244 ) (268 216 244 ) (280 216 256 ) 
3 15 26 (280.003906 216 256 ) (272 216 256 ) (267.998016 216 243.994156 ) 
4 16 47 (208 224 128 ) (208 224 248 ) (208 256 248 ) (208 256 128 ) 
4 16 46 (208 256 248 ) (208 512 248 ) (208 512 128 ) (208 256 128 ) 
4 16 22 (208 224 248 ) (208 224 128 ) (213.265594 224 128 ) (213.265594 224 242.734436 ) 
4 16 21 (213.265594 224 128 ) (216 224 128 ) (216 224 240 ) (213.265594 224 242.734436 ) 
4 16 20 (208 256 128 ) (208 512 128 ) (216 512 128 ) (216 256 128 ) 
4 16 18 (208 224 248 ) (212 224 244 ) (212 268 244 ) (208 272 248 ) 
4 16 17 (216 264 240 ) (216 512 240 ) (208 512 248 ) (208 272 248 ) 
4 17 46 (208 280 256 ) (208 512 256 ) (208 512 248 ) (208 272 248 ) 
4 17 19 (208 280 256 ) (212 268 244 ) (216 268 244 ) (216 280 256 ) 
3 17 18 (208 280 256 ) (208 272 248 ) (212 268 244 ) 
4 18 47 (208 224 248 ) (208 224 256 ) (208 256 256 ) (208 256 248 ) 
4 18 46 (208 256 256 ) (208 280 256 ) (208 272 248 ) (208 256 248 ) 
3 18 23 (208 224 256 ) (208 224 248 ) (212 224 244 ) 
3 18 19 (212 268 244 ) (208 280 256 ) (208 272 256 ) 
4 20 46 (208 512 0 ) (208 256 0 ) (208 256 128 ) (208 512 128 ) 
4 21 22 (213.263657 224 242.736389 ) (213.263672 224 0 ) (214.105011 222.923248 0 ) (214.105011 222.923248 241.895035 ) 
4 22 50 (208 224 0 ) (208 223.672775 0 ) (208 223.672775 248 ) (208 224 248 ) 
4 22 23 (212 224 244 ) (208 224 248 ) (208 223.672775 248 ) (212 223.181686 244 ) 
4 23 50 (208 223.672775 256 ) (208 224 256 ) (208 224 248 ) (208 223.672775 248 ) 
5 24 281 (512 0 256 ) (280.003906 0 256 ) (256 0 231.996185 ) (256 0 0 ) (512 0 0 ) 
4 24 26 (280 216 256 ) (268 216 244 ) (268 212 244 ) (280 200 256 ) 
5 24 25 (264 216 240 ) (256 216 232 ) (256 0 232 ) (280 0 256 ) (280 200 256 ) 
4 25 281 (280.003906 0 256 ) (272 0 256 ) (256 0 240 ) (256 0 231.996185 ) 
4 25 28 (260 0 244 ) (272 0 256 ) (272 200 256 ) (260 212 244 ) 
3 25 27 (260 212 244 ) (272 200 256 ) (268 212 244 ) 
3 25 26 (280.003906 200 256 ) (267.997986 212.005905 243.994095 ) (272 200 256 ) 
3 26 27 (268 212 244 ) (272 200 256 ) (272 208 256 ) 
3 27 28 (260 212 244 ) (272 200 256 ) (272 208 256 ) 
3 28 282 (272 0 256 ) (264 0 256 ) (260 0 244 ) 
4 29 35 (215.379959 196 0 ) (224 196 0 ) (224 196 76 ) (215.379959 196 76 ) 
4 29 33 (224 196 80 ) (224 196 256 ) (215.379959 196 256 ) (215.379959 196 80 ) 
4 29 31 (224 202.734802 256 ) (224 202.734802 253.265228 ) (222.923050 201.893494 254.106537 ) (222.923050 201.893494 256 ) 
4 29 30 (224 202.734802 253.265228 ) (224 202.734802 0 ) (222.923050 201.893494 0 ) (222.923050 201.893494 254.106537 ) 
4 30 31 (222.923370 201.896042 254.103958 ) (224 202.737000 253.263000 ) (224 210.264847 245.735153 ) (223.957520 210.319229 245.680771 ) 
3 32 59 (208 132 80 ) (208 132 92 ) (208 161.333298 80 ) 
5 32 58 (208 132 92 ) (208 132 256 ) (208 192.327194 256 ) (208 192.327194 80 ) (208 161.333298 80 ) 
4 32 41 (210 132 80 ) (224 132 80 ) (224 132 92 ) (210 132 92 ) 
4 32 40 (208 132 131 ) (208 132 92 ) (210 132 92 ) (210 132 131 ) 
4 32 39 (210 132 92 ) (224 132 92 ) (224 132 131 ) (210 132 131 ) 
4 32 38 (208 132 256 ) (208 132 135 ) (212 132 135 ) (212 132 256 ) 
4 32 37 (212 132 131 ) (224 132 131 ) (224 132 256 ) (212 132 256 ) 
4 32 33 (224 190.363007 256 ) (224 190.363007 80 ) (210.315170 192.043137 80 ) (210.315170 192.043137 256 ) 
4 34 63 (208 138 74.863640 ) (208 138 76 ) (208 171.111084 76 ) (208 176 74 ) 
4 34 62 (208 171.111084 76 ) (208 192.327194 76 ) (208 192.327194 73.628937 ) (208 176 74 ) 
4 34 61 (208 192.327194 0 ) (208 138 0 ) (208 138 74.863640 ) (208 192.327194 73.628937 ) 
4 34 36 (224 138 0 ) (224 138 47 ) (208 138 49.285713 ) (208 138 0 ) 
4 34 35 (210.315125 192.043106 76 ) (224 190.362961 76 ) (224 190.362961 0 ) (210.315125 192.043106 0 ) 
4 36 65 (208 138 0 ) (208 132 0 ) (208 132 49.285717 ) (208 138 49.285713 ) 
4 36 43 (208 132 49.285713 ) (208 132 0 ) (210 132 0 ) (210 132 49 ) 
4 36 42 (210 132 0 ) (224 132 0 ) (224 132 47 ) (210 132 49 ) 
4 37 285 (224 0 256 ) (212 0 256 ) (212 0 185 ) (224 0 185 ) 
4 37 39 (212 132 131.001953 ) (224 132 131.001953 ) (224 0 185.001938 ) (212 0 185.001785 ) 
4 37 38 (212 132 256 ) (212 132 135 ) (212 0 189 ) (212 0 256 ) 
4 38 285 (212 0 256 ) (208 0 256 ) (208 0 189 ) (212 0 189 ) 
4 38 71 (208 0 189 ) (208 0 256 ) (208 132 256 ) (208 132 135 ) 
4 39 285 (210 0 146 ) (224 0 146 ) (224 0 185 ) (210 0 185 ) 
4 39 44 (224 128 93.635384 ) (224 0 146 ) (210 0 146 ) (210 128 93.635391 ) 
4 39 41 (210 132 92 ) (224 132 92 ) (224 128 93.635384 ) (210 128 93.635391 ) 
4 39 40 (210 132 91.996094 ) (210 0 145.996094 ) (210 0 185.001129 ) (210 132 131 ) 
4 40 285 (208 0 185 ) (208 0 146 ) (210 0 146 ) (210 0 185 ) 
3 40 94 (208 44 128 ) (208 29.333305 134 ) (208 44 134 ) 
4 40 92 (208 66 119 ) (208 44 128 ) (208 44 134 ) (208 66 134 ) 
4 40 88 (208 88 110 ) (208 66 119 ) (208 66 134 ) (208 88 134 ) 
4 40 86 (208 110 101 ) (208 88 110 ) (208 88 134 ) (208 110 134 ) 
5 40 79 (208 124.666702 134 ) (208 132 131 ) (208 132 92 ) (208 110 101 ) (208 110 134 ) 
4 40 76 (208 0 146 ) (208 0 185 ) (208 124.666702 134 ) (208 29.333305 134 ) 
4 41 44 (224 128 80 ) (224 128 93.632797 ) (210 128 93.632797 ) (210 128 80 ) 
4 42 44 (224 128 0 ) (224 128 76 ) (210 128 76 ) (210 128 0 ) 
5 42 43 (210 128 0 ) (210 128 76 ) (210 129.555557 76 ) (210 132 75 ) (210 132 0 ) 
4 43 102 (208 128 75.090912 ) (208 128 76 ) (208 129.555557 76 ) (208 132 75 ) 
4 43 101 (208 128 68.666679 ) (208 128 75.090912 ) (208 132 75 ) (208 132 67 ) 
4 43 68 (208 132 0 ) (208 128 0 ) (208 128 68.666679 ) (208 132 67 ) 
4 43 45 (208 128 76 ) (208 128 0 ) (210 128 0 ) (210 128 76 ) 
4 44 285 (210 0 0 ) (224 0 0 ) (224 0 146 ) (210 0 146 ) 
4 44 45 (210 128 76.636368 ) (210 128 0 ) (210 0 0 ) (210 0 129 ) 
4 45 285 (208 0 129 ) (208 0 0 ) (210 0 0 ) (210 0 129 ) 
4 45 159 (208 0 122 ) (208 0 129 ) (208 22 120 ) (208 22 112.833336 ) 
4 45 155 (208 22 120 ) (208 44 111 ) (208 44 103.666672 ) (208 22 112.833336 ) 
4 45 145 (208 44 111 ) (208 66 102 ) (208 66 94.500000 ) (208 44 103.666672 ) 
4 45 143 (208 66 102 ) (208 88 93 ) (208 88 85.333336 ) (208 66 94.500000 ) 
4 45 109 (208 88 93 ) (208 110 84 ) (208 110 76.166672 ) (208 88 85.333336 ) 
4 45 107 (208 110 84 ) (208 128 76.636368 ) (208 128 68.666672 ) (208 110 76.166672 ) 
4 45 68 (208 128 0 ) (208 0 0 ) (208 0 122 ) (208 128 68.666672 ) 
4 46 49 (48 512 0 ) (48 256 0 ) (48 256 112 ) (48 512 112 ) 
4 46 48 (48 256 112 ) (48 256 256 ) (48 512 256 ) (48 512 112 ) 
4 46 47 (48 256 256 ) (48 256 128 ) (208 256 128 ) (208 256 256 ) 
4 47 207 (56.463161 224 256 ) (48 224 256 ) (48 224 128 ) (56.463158 224 128 ) 
4 47 183 (108 224 256 ) (56.463161 224 256 ) (56.463158 224 128 ) (108 224 128 ) 
4 47 52 (192 224 256 ) (108 224 256 ) (108 224 128 ) (192 224 128 ) 
4 47 51 (205.334747 224 256 ) (192 224 256 ) (192 224 128 ) (205.334747 224 128 ) 
4 47 50 (208 224 128 ) (208 224 256 ) (205.334747 224 256 ) (205.334747 224 128 ) 
4 47 48 (48 224 128 ) (48 224 256 ) (48 256 256 ) (48 256 128 ) 
4 48 246 (0 224 256 ) (0 240 256 ) (0 240 112 ) (0 224 112 ) 
4 48 224 (0 240 256 ) (0 512 256 ) (0 512 112 ) (0 240 112 ) 
4 48 216 (48 224 112 ) (48 224 256 ) (0 224 256 ) (0 224 112 ) 
4 48 49 (0 512 112 ) (48 512 112 ) (48 256 112 ) (0 240 112 ) 
4 49 224 (0 512 112 ) (0 512 0 ) (0 240 0 ) (0 240 112 ) 
4 50 51 (205.331329 224 256 ) (205.331329 224 0 ) (205.684525 223.956635 0 ) (205.684525 223.956635 256 ) 
4 51 56 (193.602951 218.391113 0 ) (194.507599 215.224655 0 ) (194.507599 215.224655 76 ) (193.602951 218.391113 76 ) 
4 51 54 (194.507599 215.224655 80 ) (194.507599 215.224655 256 ) (193.602951 218.391113 256 ) (193.602951 218.391113 80 ) 
4 51 52 (192 224 256 ) (192 224 80 ) (193.602951 218.391113 80 ) (193.602951 218.391113 256 ) 
4 51 53 (192 224 76 ) (192 224 0 ) (193.602951 218.391113 0 ) (193.602951 218.391113 76 ) 
4 52 183 (108 224 256 ) (108 224 80 ) (108 196 80 ) (108 196 256 ) 
4 52 60 (178.084747 196 80 ) (190.853928 196 80 ) (190.853928 196 256 ) (178.084747 196 256 ) 
4 52 58 (108 196 256 ) (108 196 80 ) (178.084747 196 80 ) (178.084747 196 256 ) 
4 52 55 (190.854034 196 256 ) (190.854034 196 80 ) (192.043091 205.684891 80 ) (192.043091 205.684891 256 ) 
4 52 54 (193.077118 214.107086 80 ) (193.602783 218.388672 80 ) (193.602783 218.388672 256 ) (193.077118 214.107086 256 ) 
4 53 188 (108 224 76 ) (108 224 63 ) (108 196 63 ) (108 196 76 ) 
4 53 189 (108 224 63 ) (108 224 0 ) (108 196 0 ) (108 196 63 ) 
4 53 64 (178.084747 196 0 ) (190.853928 196 0 ) (190.853928 196 76 ) (178.084747 196 76 ) 
4 53 62 (108 196 76 ) (108 196 73.545464 ) (178.084747 196 73.545464 ) (178.084747 196 76 ) 
4 53 61 (108 196 73.545464 ) (108 196 0 ) (178.084747 196 0 ) (178.084747 196 73.545464 ) 
4 53 57 (190.854034 196 76 ) (190.854034 196 0 ) (192.043091 205.684891 0 ) (192.043091 205.684891 76 ) 
4 53 56 (193.077118 214.107086 0 ) (193.602783 218.388672 0 ) (193.602783 218.388672 76 ) (193.077118 214.107086 76 ) 
4 55 60 (199.609390 196 256 ) (190.853928 196 256 ) (190.853928 196 80 ) (199.609406 196 80 ) 
4 57 64 (190.853928 196 0 ) (199.609406 196 0 ) (199.609406 196 76 ) (190.853928 196 76 ) 
4 58 184 (108 134 256 ) (108 136 256 ) (108 136 90.363625 ) (108 134 91.181816 ) 
5 58 183 (108 136 256 ) (108 196 256 ) (108 196 80 ) (108 161.333313 80 ) (108 136 90.363625 ) 
4 58 82 (112 132 131 ) (110 132 131 ) (110 132 92 ) (112 132 92 ) 
4 58 79 (208 132 92 ) (208 132 131 ) (112 132 131 ) (112 132 92 ) 
4 58 73 (112 132 256 ) (110 132 256 ) (110 132 131 ) (112 132 131 ) 
4 58 71 (208 132 135 ) (208 132 256 ) (206 132 256 ) (206 132 135 ) 
4 58 72 (206 132 256 ) (112 132 256 ) (112 132 131 ) (206 132 131 ) 
4 58 60 (201.892883 193.077164 80 ) (178.085938 196 80 ) (178.085938 196 256 ) (201.892883 193.077164 256 ) 
5 58 59 (110 132 91.998047 ) (108 134 91.179962 ) (108 161.332031 80 ) (208 161.332031 80 ) (208 132 91.998283 ) 
4 59 184 (108 136 80 ) (108 134 80 ) (108 134 91.181816 ) (108 136 90.363625 ) 
3 59 183 (108 161.333313 80 ) (108 136 80 ) (108 136 90.363625 ) 
4 59 83 (110 132 80 ) (112 132 80 ) (112 132 92 ) (110 132 92 ) 
4 59 80 (208 132 89 ) (208 132 92 ) (112 132 92 ) (112 132 89 ) 
4 59 81 (112 132 80 ) (208 132 80 ) (208 132 85 ) (112 132 85 ) 
4 61 188 (108 138 63 ) (108 138 74.863640 ) (108 196 73.545464 ) (108 196 63 ) 
4 61 189 (108 196 0 ) (108 138 0 ) (108 138 63 ) (108 196 63 ) 
4 61 66 (112 138 74.863647 ) (108 138 74.863647 ) (108 138 0 ) (112 138 0 ) 
4 61 65 (208 138 0 ) (208 138 49.285713 ) (112 138 63 ) (112 138 0 ) 
4 61 64 (178.085938 196 0 ) (178.085938 196 73.545464 ) (201.892883 193.077133 73.611893 ) (201.892883 193.077133 0 ) 
4 61 63 (108 176 74 ) (108 138 74.863632 ) (208 138 74.863632 ) (208 176 74 ) 
5 61 62 (208 192.328156 73.628899 ) (178.092529 196 73.545448 ) (108 196 73.545448 ) (108 176 74 ) (208 176 74 ) 
4 62 188 (108 171.111069 76 ) (108 196 76 ) (108 196 73.545464 ) (108 176 74 ) 
4 62 64 (178.085938 196 73.545464 ) (178.085938 196 76 ) (201.892883 193.077133 76 ) (201.892883 193.077133 73.611893 ) 
4 62 63 (108 175.996094 74 ) (208 175.996094 74 ) (208 171.107208 76 ) (108 171.107208 76 ) 
4 63 188 (108 138 74.863640 ) (108 138 76 ) (108 171.111069 76 ) (108 176 74 ) 
4 63 67 (112 138 76 ) (108 138 76 ) (108 138 74.863647 ) (112 138 74.863647 ) 
4 65 68 (112 132 0 ) (208 132 0 ) (208 132 49.285717 ) (112 132 63 ) 
4 65 66 (112 138 63 ) (112 138 0 ) (112 132 0 ) (112 132 63 ) 
4 66 190 (108 136 0 ) (108 134 0 ) (108 134 74.954552 ) (108 136 74.909096 ) 
4 66 188 (108 136 63 ) (108 136 74.909096 ) (108 138 74.863647 ) (108 138 63 ) 
4 66 189 (108 138 0 ) (108 136 0 ) (108 136 63 ) (108 138 63 ) 
4 66 139 (112 132 67 ) (112 132 75 ) (110 132 75 ) (110 132 67 ) 
4 66 69 (110 132 0 ) (112 132 0 ) (112 132 67 ) (110 132 67 ) 
5 66 67 (108 134 74.954468 ) (110 132 75 ) (112 132 75 ) (112 138 74.863594 ) (108 138 74.863556 ) 
4 67 190 (108 134 74.954552 ) (108 134 76 ) (108 136 76 ) (108 136 74.909096 ) 
4 67 188 (108 136 76 ) (108 138 76 ) (108 138 74.863647 ) (108 136 74.909096 ) 
4 67 140 (112 132 75 ) (112 132 76 ) (110 132 76 ) (110 132 75 ) 
4 68 285 (112 0 0 ) (208 0 0 ) (208 0 122 ) (112 0 122 ) 
4 68 181 (112 22 112.833328 ) (112 0 122 ) (122 0 122 ) (122 22 112.833313 ) 
4 68 179 (112 44 103.666656 ) (112 22 112.833328 ) (122 22 112.833313 ) (122 44 103.666649 ) 
4 68 177 (128 0 122 ) (152 0 122 ) (152 22 112.833282 ) (128 22 112.833305 ) 
4 68 175 (152 44 103.666626 ) (128 44 103.666641 ) (128 22 112.833305 ) (152 22 112.833282 ) 
4 68 173 (112 66 94.499992 ) (112 44 103.666656 ) (122 44 103.666649 ) (122 66 94.499985 ) 
4 68 171 (128 44 103.666641 ) (152 44 103.666626 ) (152 66 94.499969 ) (128 66 94.499985 ) 
4 68 169 (112 88 85.333328 ) (112 66 94.499992 ) (122 66 94.499985 ) (122 88 85.333321 ) 
4 68 167 (128 66 94.499985 ) (152 66 94.499969 ) (152 88 85.333305 ) (128 88 85.333321 ) 
4 68 165 (158 0 122 ) (173 0 122 ) (173 22 112.833260 ) (158 22 112.833275 ) 
4 68 163 (173 44 103.666603 ) (158 44 103.666618 ) (158 22 112.833275 ) (173 22 112.833260 ) 
4 68 161 (179 0 122 ) (197 0 122 ) (197 22 112.833237 ) (179 22 112.833252 ) 
4 68 159 (203 0 122 ) (208 0 122 ) (208 22 112.833221 ) (203 22 112.833229 ) 
4 68 157 (197 44 103.666580 ) (179 44 103.666595 ) (179 22 112.833252 ) (197 22 112.833237 ) 
4 68 155 (208 22 112.833221 ) (208 44 103.666573 ) (203 44 103.666573 ) (203 22 112.833229 ) 
4 68 153 (158 66 94.499962 ) (158 44 103.666618 ) (173 44 103.666603 ) (173 66 94.499954 ) 
4 68 151 (179 44 103.666595 ) (197 44 103.666580 ) (197 66 94.499939 ) (179 66 94.499954 ) 
4 68 149 (173 88 85.333298 ) (158 88 85.333305 ) (158 66 94.499962 ) (173 66 94.499954 ) 
4 68 147 (197 88 85.333290 ) (179 88 85.333298 ) (179 66 94.499954 ) (197 66 94.499939 ) 
4 68 145 (208 44 103.666573 ) (208 66 94.499924 ) (203 66 94.499931 ) (203 44 103.666573 ) 
4 68 143 (208 66 94.499924 ) (208 88 85.333282 ) (203 88 85.333282 ) (203 66 94.499931 ) 
4 68 137 (112 110 76.166664 ) (112 88 85.333328 ) (122 88 85.333321 ) (122 110 76.166664 ) 
4 68 135 (128 88 85.333321 ) (152 88 85.333305 ) (152 110 76.166656 ) (128 110 76.166664 ) 
4 68 133 (112 128 68.666664 ) (112 110 76.166664 ) (122 110 76.166664 ) (122 128 68.666664 ) 
4 68 131 (128 110 76.166664 ) (152 110 76.166656 ) (152 128 68.666664 ) (128 128 68.666664 ) 
4 68 129 (158 88 85.333305 ) (173 88 85.333298 ) (173 110 76.166649 ) (158 110 76.166656 ) 
4 68 127 (173 110 76.166649 ) (173 128 68.666664 ) (158 128 68.666664 ) (158 110 76.166656 ) 
4 68 124 (122 132 67 ) (112 132 67 ) (112 128 68.666664 ) (122 128 68.666664 ) 
4 68 121 (152 132 67 ) (128 132 67 ) (128 128 68.666664 ) (152 128 68.666664 ) 
4 68 116 (173 132 67 ) (158 132 67 ) (158 128 68.666664 ) (173 128 68.666664 ) 
4 68 113 (179 88 85.333298 ) (197 88 85.333290 ) (197 110 76.166649 ) (179 110 76.166649 ) 
4 68 111 (179 110 76.166649 ) (197 110 76.166649 ) (197 128 68.666664 ) (179 128 68.666664 ) 
4 68 109 (203 88 85.333282 ) (208 88 85.333282 ) (208 110 76.166641 ) (203 110 76.166641 ) 
4 68 107 (208 110 76.166641 ) (208 128 68.666664 ) (203 128 68.666664 ) (203 110 76.166641 ) 
4 68 104 (197 132 67 ) (179 132 67 ) (179 128 68.666664 ) (197 128 68.666664 ) 
4 68 101 (208 132 67 ) (203 132 67 ) (203 128 68.666664 ) (208 128 68.666664 ) 
4 68 70 (112 0 122.001617 ) (112 114 74.500214 ) (112 114 0 ) (112 0 0 ) 
4 68 69 (112 130 67.833366 ) (112 132 67 ) (112 132 0 ) (112 130 0 ) 
3 69 139 (112 132 67 ) (110 132 67 ) (112 130 67.833344 ) 
4 70 285 (108 0 122 ) (108 0 0 ) (112 0 0 ) (112 0 122 ) 
4 70 194 (108 110 0 ) (108 0 0 ) (108 0 122 ) (108 110 76.166672 ) 
4 70 181 (108 22 112.833336 ) (108 0 122 ) (112 0 122 ) (112 22 112.833328 ) 
4 70 179 (108 44 103.666672 ) (108 22 112.833336 ) (112 22 112.833328 ) (112 44 103.666656 ) 
4 70 173 (108 66 94.500000 ) (108 44 103.666672 ) (112 44 103.666656 ) (112 66 94.499992 ) 
4 70 169 (108 88 85.333336 ) (108 66 94.500000 ) (112 66 94.499992 ) (112 88 85.333328 ) 
4 70 141 (108 110 76.166672 ) (108 88 85.333336 ) (112 88 85.333328 ) (112 114 74.500000 ) 
4 71 285 (208 0 256 ) (206 0 256 ) (206 0 189 ) (208 0 189 ) 
4 71 72 (206 132 256 ) (206 132 135 ) (206 0 189 ) (206 0 256 ) 
4 72 285 (206 0 256 ) (112 0 256 ) (112 0 185 ) (206 0 185 ) 
4 72 79 (112 132 131 ) (206 132 131 ) (206 124.669052 134 ) (112 124.669037 134 ) 
3 72 78 (112 114 138.364594 ) (112 124.669037 134 ) (122.669029 124.669037 134 ) 
5 72 76 (206 124.669052 134 ) (206 0 185 ) (112 0 185 ) (112 114 138.364594 ) (122.669029 124.669037 134 ) 
4 72 74 (112 114 138.363632 ) (112 0 185 ) (112 0 256 ) (112 114 256 ) 
4 72 73 (112 132 256 ) (112 132 131 ) (112 130 131.818192 ) (112 130 256 ) 
3 73 82 (110 132 131 ) (112 132 131 ) (112 130 131.819168 ) 
4 74 285 (112 0 256 ) (110 0 256 ) (110 0 185 ) (112 0 185 ) 
4 74 76 (112 114 138.364594 ) (112 0 185 ) (110 0 185 ) (110 112 139.182785 ) 
4 74 75 (110 0 189 ) (110 0 256 ) (110 112 256 ) (110 112 143.181824 ) 
4 75 285 (110 0 256 ) (108 0 256 ) (108 0 189 ) (110 0 189 ) 
4 75 192 (108 0 189 ) (108 0 256 ) (108 110 256 ) (108 110 144 ) 
4 76 285 (108 0 185 ) (108 0 146 ) (208 0 146 ) (208 0 185 ) 
5 76 193 (108 0 146 ) (108 0 185 ) (108 110 140 ) (108 110 134 ) (108 29.333305 134 ) 
4 76 94 (108 29.333305 134 ) (108 44 134 ) (208 44 134 ) (208 29.333305 134 ) 
4 76 92 (108 44 134 ) (108 66 134 ) (208 66 134 ) (208 44 134 ) 
4 76 88 (108 66 134 ) (108 88 134 ) (208 88 134 ) (208 66 134 ) 
4 76 86 (108 88 134 ) (108 110 134 ) (208 110 134 ) (208 88 134 ) 
3 76 84 (108 110 134 ) (112 114 134 ) (112 110 134 ) 
5 76 79 (112 114 134 ) (122.664070 124.664070 134 ) (208 124.664078 134 ) (208 110 134 ) (112 110 134 ) 
3 76 78 (122.671875 124.671875 134 ) (112 114 134 ) (112 114 138.365814 ) 
4 76 77 (108 0 146 ) (108 29.332037 134 ) (208 29.332043 134 ) (208 0 146 ) 
4 77 285 (108 0 146 ) (108 0 134 ) (208 0 134 ) (208 0 146 ) 
4 77 95 (108 22 134 ) (108 29.333305 134 ) (208 29.333305 134 ) (208 22 134 ) 
3 78 79 (112 124.664070 134 ) (122.664070 124.664070 134 ) (112 114 134 ) 
4 79 86 (208 110 101 ) (208 110 134 ) (112 110 134 ) (112 110 101 ) 
4 79 84 (112 110 101 ) (112 110 134 ) (112 114 134 ) (112 114 99.363625 ) 
4 79 82 (112 130 131.818192 ) (112 132 131 ) (112 132 92 ) (112 130 92.818192 ) 
4 79 80 (208 110 100.998047 ) (112 110 100.998047 ) (112 132 91.997910 ) (208 132 91.997910 ) 
4 80 91 (112 110 88.998047 ) (208 110 88.998047 ) (208 110 94 ) (112 110 94 ) 
4 80 87 (208 110 98 ) (208 110 101 ) (112 110 101 ) (112 110 98 ) 
4 80 85 (112 110 89 ) (112 110 101 ) (112 114 99.363625 ) (112 114 89 ) 
4 80 83 (112 130 92.818192 ) (112 132 92 ) (112 132 89 ) (112 130 89 ) 
4 81 134 (122 119.780121 85 ) (112 119.780121 85 ) (112 128 81.637337 ) (122 128 81.637337 ) 
4 81 132 (152 119.780121 85 ) (128 119.780121 85 ) (128 128 81.637337 ) (152 128 81.637337 ) 
4 81 128 (173 128 81.637337 ) (173 119.780121 85 ) (158 119.780121 85 ) (158 128 81.637337 ) 
4 81 119 (128 132 80 ) (152 132 80 ) (152 128 81.637337 ) (128 128 81.637337 ) 
4 81 120 (112 132 80 ) (122 132 80 ) (122 128 81.637337 ) (112 128 81.637337 ) 
4 81 115 (158 132 80 ) (173 132 80 ) (173 128 81.637337 ) (158 128 81.637337 ) 
4 81 112 (197 119.780121 85 ) (179 119.780121 85 ) (179 128 81.637337 ) (197 128 81.637337 ) 
4 81 108 (208 128 81.637337 ) (208 119.780121 85 ) (203 119.780121 85 ) (203 128 81.637337 ) 
4 81 99 (203 132 80 ) (208 132 80 ) (208 128 81.637337 ) (203 128 81.637337 ) 
4 81 100 (179 132 80 ) (197 132 80 ) (197 128 81.637337 ) (179 128 81.637337 ) 
4 81 83 (112 132 79.996094 ) (112 130 80.814285 ) (112 130 85 ) (112 132 85 ) 
3 82 83 (112 130 92.816406 ) (110 132 91.998222 ) (112 132 91.998047 ) 
4 84 86 (112 110 101 ) (112 110 134 ) (108 110 134 ) (108 110 101 ) 
4 84 85 (108 110.003906 100.996452 ) (112 114.003906 99.361328 ) (112 110 101 ) (108 110 100.998047 ) 
3 85 142 (108 110 89 ) (112 114 87.364586 ) (112 110 89 ) 
4 85 91 (108 110 88.998047 ) (112 110 88.998047 ) (112 110 94 ) (108 110 94 ) 
4 85 87 (112 110 98 ) (112 110 101 ) (108 110 101 ) (108 110 98 ) 
4 86 193 (108 88 134 ) (108 110 134 ) (108 110 101 ) (108 88 110 ) 
4 86 88 (208 88 110 ) (208 88 134 ) (108 88 134 ) (108 88 110 ) 
4 86 87 (208 88 110 ) (108 88 110 ) (108 110 100.998955 ) (208 110 100.998955 ) 
4 87 89 (208 88 107 ) (208 88 110 ) (108 88 110 ) (108 88 107 ) 
4 87 90 (108 88 98 ) (208 88 98 ) (208 88 103 ) (108 88 103 ) 
4 88 193 (108 66 134 ) (108 88 134 ) (108 88 110 ) (108 66 119 ) 
4 88 92 (208 66 119 ) (208 66 134 ) (108 66 134 ) (108 66 119 ) 
4 88 89 (208 66 118.997955 ) (108 66 118.997955 ) (108 88 109.997955 ) (208 88 109.997955 ) 
4 89 98 (108 66 106.998047 ) (208 66 106.998047 ) (208 66 112 ) (108 66 112 ) 
4 89 93 (208 66 116 ) (208 66 119 ) (108 66 119 ) (108 66 116 ) 
4 90 170 (108 75.779976 103 ) (108 88.002235 98 ) (122 88.002235 98 ) (122 75.779976 103 ) 
4 90 168 (128 88.002235 98 ) (152 88.002243 98 ) (152 75.779976 103 ) (128 75.779976 103 ) 
4 90 150 (158 88.002243 98 ) (173 88.002243 98 ) (173 75.779976 103 ) (158 75.779976 103 ) 
4 90 148 (179 88.002243 98 ) (197 88.002243 98 ) (197 75.779976 103 ) (179 75.779976 103 ) 
4 90 144 (203 88.002243 98 ) (208 88.002243 98 ) (208 75.779976 103 ) (203 75.779976 103 ) 
4 91 142 (108 97.780045 94 ) (108 110 89 ) (112 110 89 ) (112 97.780045 94 ) 
4 91 138 (112 110 89 ) (122 110 89 ) (122 97.780045 94 ) (112 97.780045 94 ) 
4 91 136 (128 110 89 ) (152 110 89 ) (152 97.780052 94 ) (128 97.780045 94 ) 
4 91 130 (158 110 89 ) (173 110 89 ) (173 97.780052 94 ) (158 97.780052 94 ) 
4 91 114 (179 110 89 ) (197 110 89 ) (197 97.780052 94 ) (179 97.780052 94 ) 
4 91 110 (203 110 89 ) (208 110 89 ) (208 97.780052 94 ) (203 97.780052 94 ) 
4 92 193 (108 44 134 ) (108 66 134 ) (108 66 119 ) (108 44 128 ) 
4 92 94 (208 44 128 ) (208 44 134 ) (108 44 134 ) (108 44 128 ) 
4 92 93 (208 44 128 ) (108 44 128 ) (108 66 119 ) (208 66 119 ) 
4 93 95 (208 44 125 ) (208 44 128 ) (108 44 128 ) (108 44 125 ) 
4 93 96 (108 44 116 ) (208 44 116 ) (208 44 121 ) (108 44 121 ) 
3 94 193 (108 29.333294 134 ) (108 44 134 ) (108 44 128 ) 
4 94 95 (208 29.332678 134 ) (108 29.332680 134 ) (108 44 128 ) (208 44 128 ) 
4 95 97 (108 22 125 ) (208 22 125 ) (208 22 130 ) (108 22 130 ) 
4 96 180 (108 31.779839 121 ) (108 44.002094 116 ) (122 44.002094 116 ) (122 31.779839 121 ) 
4 96 176 (128 44.002094 116 ) (152 44.002098 116 ) (152 31.779839 121 ) (128 31.779839 121 ) 
4 96 164 (158 44.002098 116 ) (173 44.002098 116 ) (173 31.779839 121 ) (158 31.779839 121 ) 
4 96 158 (179 44.002098 116 ) (197 44.002098 116 ) (197 31.779840 121 ) (179 31.779839 121 ) 
4 96 156 (203 44.002098 116 ) (208 44.002098 116 ) (208 31.779840 121 ) (203 31.779840 121 ) 
4 97 182 (108 9.779767 130 ) (108 22 125 ) (122 22 125 ) (122 9.779767 130 ) 
4 97 178 (128 22 125 ) (152 22 125 ) (152 9.779768 130 ) (128 9.779767 130 ) 
4 97 166 (158 22 125 ) (173 22 125 ) (173 9.779768 130 ) (158 9.779768 130 ) 
4 97 162 (179 22 125 ) (197 22 125 ) (197 9.779769 130 ) (179 9.779768 130 ) 
4 97 160 (203 22 125 ) (208 22 125 ) (208 9.779769 130 ) (203 9.779769 130 ) 
4 98 174 (108 53.779903 112 ) (108 66 107 ) (122 66 107 ) (122 53.779903 112 ) 
4 98 172 (128 66 107 ) (152 66 107 ) (152 53.779907 112 ) (128 53.779903 112 ) 
4 98 154 (158 66 107 ) (173 66 107 ) (173 53.779907 112 ) (158 53.779907 112 ) 
4 98 152 (179 66 107 ) (197 66 107 ) (197 53.779907 112 ) (179 53.779907 112 ) 
4 98 146 (203 66 107 ) (208 66 107 ) (208 53.779907 112 ) (203 53.779907 112 ) 
4 99 108 (203 128 80 ) (208 128 80 ) (208 128 81.636383 ) (203 128 81.636383 ) 
4 100 112 (179 128 80 ) (197 128 80 ) (197 128 81.636383 ) (179 128 81.636375 ) 
4 101 107 (203 128 68.666679 ) (208 128 68.666679 ) (208 128 75.090912 ) (203 128 75.090912 ) 
4 101 102 (208 132 75 ) (203 132 75 ) (203 128 75.090820 ) (208 128 75.090820 ) 
4 102 107 (208 128 75.090912 ) (208 128 76 ) (203 128 76 ) (203 128 75.090912 ) 
4 102 103 (208 131.997589 75 ) (203 131.997589 75 ) (203 129.554688 76 ) (208 129.554688 76 ) 
4 104 111 (179 128 68.666679 ) (197 128 68.666679 ) (197 128 75.090912 ) (179 128 75.090912 ) 
4 104 105 (179 132 75 ) (179 128 75.090820 ) (197 128 75.090912 ) (197 132 75 ) 
4 105 111 (197 128 75.090912 ) (197 128 76 ) (179 128 76 ) (179 128 75.090912 ) 
4 105 106 (197 131.997589 75 ) (179 131.997589 75 ) (179 129.554688 76 ) (197 129.554688 76 ) 
4 107 109 (203 110 76.166664 ) (208 110 76.166664 ) (208 110 84 ) (203 110 84 ) 
4 107 108 (208 128 76.636719 ) (203 128 76.636719 ) (203 110 84 ) (208 110 84 ) 
4 108 110 (208 110 84 ) (208 110 85 ) (203 110 85 ) (203 110 84 ) 
4 109 143 (203 88 85.336601 ) (208 88 85.336601 ) (208 88 93 ) (203 88 93 ) 
4 109 110 (208 110 84 ) (203 110 84 ) (203 88 93 ) (208 88 93 ) 
4 110 144 (208 88 93 ) (208 88 94 ) (203 88 94 ) (203 88 93 ) 
4 111 113 (179 110 76.166992 ) (197 110 76.167969 ) (197 110 84 ) (179 110 84 ) 
4 111 112 (179 128 76.636719 ) (179 110 84 ) (197 110 84 ) (197 128 76.636368 ) 
4 112 114 (197 110 84 ) (197 110 85 ) (179 110 85 ) (179 110 84 ) 
4 113 147 (179 88 85.336601 ) (197 88 85.336601 ) (197 88 93 ) (179 88 93 ) 
4 113 114 (197 110 84 ) (179 110 84 ) (179 88 93 ) (197 88 93 ) 
4 114 148 (197 88 93 ) (197 88 94 ) (179 88 94 ) (179 88 93 ) 
4 115 128 (173 128 80 ) (173 128 81.644531 ) (158 128 81.642525 ) (158 128 80 ) 
4 116 127 (173 128 68.667969 ) (173 128 75.090912 ) (158 128 75.090912 ) (158 128 68.667656 ) 
4 116 117 (158 132 75 ) (158 128 75.090820 ) (173 128 75.090820 ) (173 132 75 ) 
4 117 127 (173 128 75.090912 ) (173 128 76 ) (158 128 76 ) (158 128 75.090912 ) 
4 117 118 (173 131.997589 75 ) (158 131.997589 75 ) (158 129.554688 76 ) (173 129.554688 76 ) 
4 119 132 (152 128 81.641724 ) (128 128 81.638512 ) (128 128 80 ) (152 128 80 ) 
4 120 134 (122 128 81.637711 ) (112 128 81.636375 ) (112 128 80 ) (122 128 80 ) 
4 121 131 (128 128 68.667023 ) (152 128 68.667526 ) (152 128 75.090912 ) (128 128 75.090912 ) 
4 121 122 (128 132 75 ) (128 128 75.090820 ) (152 128 75.090912 ) (152 132 75 ) 
4 122 131 (152 128 75.090912 ) (152 128 76 ) (128 128 76 ) (128 128 75.090912 ) 
4 122 123 (152 131.997589 75 ) (128 131.997589 75 ) (128 129.554688 76 ) (152 129.554688 76 ) 
4 124 139 (112 132 67.005859 ) (112 130 67.839233 ) (112 130 75.045456 ) (112 132 75 ) 
4 124 133 (112 128 75.090912 ) (112 128 68.666679 ) (122 128 68.666893 ) (122 128 75.090912 ) 
4 124 125 (112 132 75 ) (112 128 75.090912 ) (122 128 75.090912 ) (122 132 75 ) 
3 125 139 (112 130 75.818192 ) (112 132 75 ) (112 130 75.045456 ) 
4 125 133 (112 128 76 ) (112 128 75.090912 ) (122 128 75.090912 ) (122 128 76 ) 
4 125 126 (122 131.997589 75 ) (112 131.997589 75 ) (112 129.554688 76 ) (122 129.554688 76 ) 
3 126 140 (112 129.555557 76 ) (112 132 76 ) (112 132 75 ) 
4 127 129 (158 110 76.167038 ) (173 110 76.167969 ) (173 110 84 ) (158 110 84 ) 
4 127 128 (173 128 76.636719 ) (158 128 76.636719 ) (158 110 84 ) (173 110 84 ) 
4 128 130 (173 110 84 ) (173 110 85 ) (158 110 85 ) (158 110 84 ) 
4 129 149 (158 88 85.336601 ) (173 88 85.336601 ) (173 88 93 ) (158 88 93 ) 
4 129 130 (173 110 84 ) (158 110 84 ) (158 88 93 ) (173 88 93 ) 
4 130 150 (173 88 93 ) (173 88 94 ) (158 88 94 ) (158 88 93 ) 
4 131 135 (152 110 76.167969 ) (152 110 84 ) (128 110 84 ) (128 110 76.167191 ) 
4 131 132 (128 128 76.636719 ) (128 110 84 ) (152 110 84 ) (152 128 76.636368 ) 
4 132 136 (152 110 84 ) (152 110 85 ) (128 110 85 ) (128 110 84 ) 
4 133 141 (112 114 74.506126 ) (112 110 76.172852 ) (112 110 84 ) (112 114 82.363632 ) 
4 133 137 (112 110 84 ) (112 110 76.166664 ) (122 110 76.166992 ) (122 110 84 ) 
4 133 134 (112 110 83.998047 ) (122 110 83.998047 ) (122 128 76.634415 ) (112 128 76.634415 ) 
4 134 142 (112 110 84 ) (112 110 85 ) (112 114 85 ) (112 114 82.363632 ) 
4 134 138 (122 110 85 ) (112 110 85 ) (112 110 84 ) (122 110 84 ) 
4 135 167 (128 88 85.336594 ) (152 88 85.336601 ) (152 88 93 ) (128 88 93 ) 
4 135 136 (152 110 84 ) (128 110 84 ) (128 88 93 ) (152 88 93 ) 
4 136 168 (152 88 93 ) (152 88 94 ) (128 88 94 ) (128 88 93 ) 
4 137 169 (112 88 85.336594 ) (122 88 85.336594 ) (122 88 93 ) (112 88 93 ) 
4 137 141 (112 110 76.172852 ) (112 88 85.339844 ) (112 88 93 ) (112 110 84 ) 
4 137 138 (122 88 92.998047 ) (122 110 83.998047 ) (112 110 83.998047 ) (112 88 92.998047 ) 
4 138 170 (122 88 93 ) (122 88 94 ) (112 88 94 ) (112 88 93 ) 
5 138 142 (112 88 93 ) (112 88 94 ) (112 97.768227 94 ) (112 110 88.996094 ) (112 110 84 ) 
3 139 140 (109.996094 132 75 ) (112 129.996094 75.820313 ) (112 132 75 ) 
4 141 194 (108 110 84 ) (108 110 76.166664 ) (108 88 85.333336 ) (108 88 93 ) 
4 141 169 (108 88 85.336594 ) (112 88 85.336594 ) (112 88 93 ) (108 88 93 ) 
4 141 142 (112 114 82.363991 ) (108 110 84 ) (108 88 93 ) (112 88 93 ) 
4 142 170 (112 88 93 ) (112 88 94 ) (108 88 94 ) (108 88 93 ) 
4 143 145 (203 66 94.500000 ) (208 66 94.500000 ) (208 66 102 ) (203 66 102 ) 
4 143 144 (208 88 92.998047 ) (203 88 92.998047 ) (203 66 101.998047 ) (208 66 101.998047 ) 
4 144 146 (208 66 102 ) (208 66 103 ) (203 66 103 ) (203 66 102 ) 
4 145 155 (203 44 103.666672 ) (208 44 103.666672 ) (208 44 111 ) (203 44 111 ) 
4 145 146 (208 66 102 ) (203 66 102 ) (203 44 111 ) (208 44 111 ) 
4 146 156 (208 44 111 ) (208 44 112 ) (203 44 112 ) (203 44 111 ) 
4 147 151 (197 66 94.496094 ) (197 66 102 ) (179 66 102 ) (179 66 94.497894 ) 
4 147 148 (179 88 92.998047 ) (179 66 101.998047 ) (197 66 101.998047 ) (197 88 92.998047 ) 
4 148 152 (197 66 102 ) (197 66 103 ) (179 66 103 ) (179 66 102 ) 
4 149 153 (158 66 102 ) (158 66 94.500000 ) (173 66 94.498497 ) (173 66 102 ) 
4 149 150 (158 88 92.998047 ) (158 66 101.998848 ) (173 66 101.998848 ) (173 88 92.998848 ) 
4 150 154 (158 66 103 ) (158 66 102 ) (173 66 102 ) (173 66 103 ) 
4 151 157 (179 44 103.666672 ) (197 44 103.666672 ) (197 44 111 ) (179 44 111 ) 
4 151 152 (197 66 102 ) (179 66 102 ) (179 44 111 ) (197 44 111 ) 
4 152 158 (197 44 111 ) (197 44 112 ) (179 44 112 ) (179 44 111 ) 
4 153 163 (158 44 111 ) (158 44 103.666672 ) (173 44 103.666672 ) (173 44 111 ) 
4 153 154 (158 44 110.998047 ) (173 44 110.998047 ) (173 66 101.998047 ) (158 66 101.998047 ) 
4 154 164 (158 44 112 ) (158 44 111 ) (173 44 111 ) (173 44 112 ) 
4 155 159 (203 22 112.833336 ) (208 22 112.833336 ) (208 22 120 ) (203 22 120 ) 
4 155 156 (208 44 110.998047 ) (203 44 110.998047 ) (203 22 119.998047 ) (208 22 119.998047 ) 
4 156 160 (208 22 120 ) (208 22 121 ) (203 22 121 ) (203 22 120 ) 
4 157 161 (179 22 120 ) (179 22 112.833336 ) (197 22 112.833336 ) (197 22 120 ) 
4 157 158 (179 44 111 ) (179 22 120 ) (197 22 120 ) (197 44 111 ) 
4 158 162 (179 22 121 ) (179 22 120 ) (197 22 120 ) (197 22 121 ) 
4 159 285 (203 0 122 ) (208 0 122 ) (208 0 129 ) (203 0 129 ) 
4 159 160 (208 22 119.998047 ) (203 22 119.998047 ) (203 0 128.998047 ) (208 0 128.998047 ) 
4 160 285 (208 0 129 ) (208 0 130 ) (203 0 130 ) (203 0 129 ) 
4 161 285 (179 0 122 ) (197 0 122 ) (197 0 129 ) (179 0 129 ) 
4 161 162 (197 0 129 ) (197 22 120 ) (179 22 120 ) (179 0 129 ) 
4 162 285 (197 0 129 ) (197 0 130 ) (179 0 130 ) (179 0 129 ) 
4 163 165 (158 22 120 ) (158 22 112.833336 ) (173 22 112.832405 ) (173 22 120 ) 
4 163 164 (158 22 120 ) (173 22 120 ) (173 44 111 ) (158 44 111 ) 
4 164 166 (158 22 121 ) (158 22 120 ) (173 22 120 ) (173 22 121 ) 
4 165 285 (158 0 122 ) (173 0 122 ) (173 0 129 ) (158 0 129 ) 
4 165 166 (173 0 129 ) (173 22 120 ) (158 22 120 ) (158 0 129 ) 
4 166 285 (173 0 129 ) (173 0 130 ) (158 0 130 ) (158 0 129 ) 
4 167 171 (128 66 94.496094 ) (152 66 94.496094 ) (152 66 102 ) (128 66 102 ) 
4 167 168 (128 88 92.998047 ) (128 66 101.998047 ) (152 66 101.998047 ) (152 88 92.998047 ) 
4 168 172 (152 66 102 ) (152 66 103 ) (128 66 103 ) (128 66 102 ) 
4 169 194 (108 88 93 ) (108 88 85.333336 ) (108 66 94.500000 ) (108 66 102 ) 
4 169 173 (108 66 94.496094 ) (122 66 94.496094 ) (122 66 102 ) (108 66 102 ) 
4 169 170 (108 66 101.998848 ) (122 66 101.998848 ) (122 88 92.998848 ) (108 88 92.998848 ) 
4 170 174 (122 66 102 ) (122 66 103 ) (108 66 103 ) (108 66 102 ) 
4 171 175 (128 44 103.667969 ) (152 44 103.667969 ) (152 44 111 ) (128 44 111 ) 
4 171 172 (152 66 102 ) (128 66 102 ) (128 44 111 ) (152 44 111 ) 
4 172 176 (152 44 111 ) (152 44 112 ) (128 44 112 ) (128 44 111 ) 
4 173 194 (108 66 102 ) (108 66 94.500000 ) (108 44 103.666672 ) (108 44 111 ) 
4 173 179 (108 44 103.667969 ) (122 44 103.667969 ) (122 44 111 ) (108 44 111 ) 
4 173 174 (108 44 110.998047 ) (122 44 110.998047 ) (122 66 101.998047 ) (108 66 101.998047 ) 
4 174 180 (122 44 111 ) (122 44 112 ) (108 44 112 ) (108 44 111 ) 
4 175 177 (128 22 120 ) (128 22 112.833336 ) (152 22 112.832291 ) (152 22 120 ) 
4 175 176 (128 44 111 ) (128 22 120 ) (152 22 120 ) (152 44 111 ) 
4 176 178 (128 22 121 ) (128 22 120 ) (152 22 120 ) (152 22 121 ) 
4 177 285 (128 0 122 ) (152 0 122 ) (152 0 129 ) (128 0 129 ) 
4 177 178 (152 0 129 ) (152 22 120 ) (128 22 120 ) (128 0 129 ) 
4 178 285 (152 0 129 ) (152 0 130 ) (128 0 130 ) (128 0 129 ) 
4 179 194 (108 44 111 ) (108 44 103.666672 ) (108 22 112.833336 ) (108 22 120 ) 
4 179 181 (108 22 112.832031 ) (122 22 112.832031 ) (122 22 120 ) (108 22 120 ) 
4 179 180 (108 22 120 ) (122 22 120 ) (122 44 111 ) (108 44 111 ) 
4 180 182 (122 22 120 ) (122 22 121 ) (108 22 121 ) (108 22 120 ) 
4 181 285 (108 0 129 ) (108 0 122 ) (122 0 122 ) (122 0 129 ) 
4 181 194 (108 0 122 ) (108 0 129 ) (108 22 120 ) (108 22 112.833336 ) 
4 181 182 (122 0 129 ) (122 22 120 ) (108 22 120 ) (108 0 129 ) 
4 182 285 (108 0 130 ) (108 0 129 ) (122 0 129 ) (122 0 130 ) 
4 183 207 (56.463028 224 256 ) (56.463028 224 80 ) (72.210442 136 80 ) (72.210434 136 256 ) 
3 183 186 (57.003326 221 80 ) (56.466526 224 80 ) (96 224 80 ) 
4 183 185 (72.207039 136 256 ) (72.207031 136 80 ) (90 136 80 ) (90 136 256 ) 
4 183 184 (106 136 80 ) (108 136 80 ) (108 136 256 ) (106 136 256 ) 
4 185 207 (72.210442 136 80 ) (72.926231 132 80 ) (72.926224 132 256 ) (72.210434 136 256 ) 
4 185 197 (84 132 80 ) (86 132 80 ) (86 132 256 ) (84 132 256 ) 
4 185 200 (72.927742 132 256 ) (72.927734 132 80 ) (84 132 80 ) (84 132 256 ) 
4 186 207 (56.463028 224 80 ) (56.463028 224 76 ) (57 221 76 ) (57 221 80 ) 
3 186 188 (73 224 76 ) (96 224 76 ) (73.378296 222.259857 76 ) 
4 186 187 (57.003326 221 76 ) (56.466526 224 76 ) (61 224 76 ) (61.575657 221.351959 76 ) 
4 187 214 (56.463028 224 62 ) (56.463028 224 58 ) (72.926231 132 58 ) (72.926231 132 62 ) 
4 187 211 (56.463028 224 67 ) (56.463028 224 62 ) (72.926231 132 62 ) (72.926231 132 67 ) 
4 187 215 (56.463028 224 58 ) (56.463028 224 0 ) (72.926231 132 0 ) (72.926231 132 58 ) 
4 187 208 (56.463028 224 71 ) (56.463028 224 67 ) (57 221 67 ) (57 221 71 ) 
4 187 207 (56.463028 224 76 ) (56.463028 224 71 ) (72.926231 132 71 ) (72.926231 132 76 ) 
4 187 205 (72.927734 132 76 ) (72.927734 132 0 ) (81 132 0 ) (81 132 76 ) 
4 187 191 (81 132 63 ) (81 132 0 ) (80.129448 136 0 ) (80.129448 136 63 ) 
4 187 189 (60.998745 224 0 ) (60.998745 224 63 ) (80.129448 136 63 ) (80.129448 136 0 ) 
4 188 190 (106 136 63 ) (108 136 63 ) (108 136 76 ) (106 136 76 ) 
4 188 189 (108 136 63 ) (92.130424 136 63 ) (73 224 63 ) (108 224 63 ) 
4 189 191 (80.128906 136 63 ) (80.128906 136 0 ) (90 136 0 ) (90 136 63 ) 
4 189 190 (106 136 0 ) (108 136 0 ) (108 136 63 ) (106 136 63 ) 
4 191 203 (84 132 0 ) (86 132 0 ) (86 132 63 ) (84 132 63 ) 
4 191 205 (81 132 0 ) (84 132 0 ) (84 132 63 ) (81 132 63 ) 
4 192 285 (108 0 256 ) (106 0 256 ) (106 0 189 ) (108 0 189 ) 
4 192 195 (106 0 189 ) (106 0 256 ) (106 108 256 ) (106 108 144.818176 ) 
4 193 285 (106 0 185 ) (106 0 146 ) (108 0 146 ) (108 0 185 ) 
4 193 196 (106 108 101.818184 ) (106 0 146 ) (106 0 185 ) (106 108 140.818207 ) 
4 194 285 (106 0 129 ) (106 0 0 ) (108 0 0 ) (108 0 129 ) 
4 194 206 (106 108 0 ) (106 0 0 ) (106 0 80 ) (106 108 80 ) 
4 194 196 (106 0 80 ) (106 0 129 ) (106 108 84.818184 ) (106 108 80 ) 
4 195 285 (106 0 256 ) (104 0 256 ) (104 0 189 ) (106 0 189 ) 
4 195 199 (104 0 189 ) (104 0 256 ) (104 108 256 ) (104 108 144.818176 ) 
4 196 285 (104 0 185 ) (104 0 80 ) (106 0 80 ) (106 0 185 ) 
4 196 206 (106 108 80 ) (106 0 80 ) (104 0 80 ) (104 108 80 ) 
4 196 199 (104 108 80 ) (104 0 80 ) (104 0 185 ) (104 108 140.818176 ) 
4 197 200 (84 132 256 ) (84 132 80 ) (84 130 80 ) (84 130 256 ) 
3 198 201 (89.989914 108 80 ) (84 108 80 ) (84 113.989914 80 ) 
4 198 200 (84 113.989914 80 ) (84 108 80 ) (84 108 256 ) (84 113.989914 256 ) 
4 198 199 (84 108 256 ) (84 108 80 ) (89.989914 108 80 ) (89.989914 108 256 ) 
4 199 285 (104 0 256 ) (96.547371 0 256 ) (96.547371 0 80 ) (104 0 80 ) 
4 199 207 (96.547348 0 80 ) (96.547340 0 256 ) (84 70.117294 256 ) (84 70.117340 80 ) 
5 199 206 (104 108 80 ) (104 0 80 ) (96.549446 0 80 ) (84 70.144699 80 ) (84 108 80 ) 
4 199 200 (84 108 80 ) (84 70.117661 80 ) (84 70.117668 256 ) (84 108 256 ) 
4 200 207 (84 70.117294 256 ) (72.926224 132 256 ) (72.926231 132 80 ) (84 70.117340 80 ) 
4 200 202 (84 126.909096 80 ) (84 108 80 ) (77.227386 108 80 ) (74.006927 126 80 ) 
3 200 206 (84 108 80 ) (84 70.144699 80 ) (77.227386 108 80 ) 
3 201 204 (89.989914 108 76 ) (84 108 76 ) (84 113.989914 76 ) 
4 201 202 (84 113.989914 76 ) (84 108 76 ) (84 108 80 ) (84 113.989914 80 ) 
4 201 206 (89.989914 108 80 ) (84 108 80 ) (84 108 76 ) (89.989914 108 76 ) 
4 202 207 (77.220978 108 76 ) (77.220978 108 80 ) (74 126 80 ) (74 126 76 ) 
4 202 205 (84 108 76 ) (77.221054 108 76 ) (74.005371 126 76 ) (84 126.909096 76 ) 
4 202 206 (84 108 80 ) (77.221054 108 80 ) (77.221054 108 76 ) (84 108 76 ) 
4 203 205 (84 130 76 ) (84 132 76 ) (84 132 0 ) (84 130 0 ) 
4 204 206 (89.989914 108 76 ) (84 108 76 ) (84 108 0 ) (89.989914 108 0 ) 
4 204 205 (84 108 0 ) (84 108 76 ) (84 113.989914 76 ) (84 113.989914 0 ) 
4 205 214 (73.354042 129.609314 62 ) (72.926231 132 62 ) (72.926231 132 58 ) (73.354042 129.609314 58 ) 
4 205 213 (77.220978 108 58 ) (77.220978 108 62 ) (73.354042 129.609314 62 ) (73.354042 129.609314 58 ) 
4 205 211 (77.220978 108 62 ) (77.220978 108 67 ) (72.926231 132 67 ) (72.926231 132 62 ) 
4 205 215 (72.926231 132 0 ) (77.220978 108 0 ) (77.220978 108 58 ) (72.926231 132 58 ) 
4 205 209 (77.220978 108 67 ) (77.220978 108 71 ) (74 126 71 ) (74 126 67 ) 
4 205 207 (77.220978 108 71 ) (77.220978 108 76 ) (72.926231 132 76 ) (72.926231 132 71 ) 
4 205 206 (84 108 76 ) (77.221054 108 76 ) (77.221069 108 0 ) (84 108 0 ) 
4 206 285 (96.547371 0 80 ) (96.547371 0 0 ) (106 0 0 ) (106 0 80 ) 
4 206 213 (96.547348 0 58 ) (96.547348 0 62 ) (77.220978 108 62 ) (77.220978 108 58 ) 
4 206 211 (96.547348 0 62 ) (96.547348 0 67 ) (77.220978 108 67 ) (77.220978 108 62 ) 
4 206 215 (77.220978 108 0 ) (96.547348 0 0 ) (96.547348 0 58 ) (77.220978 108 58 ) 
4 206 209 (96.547348 0 67 ) (96.547348 0 71 ) (77.220978 108 71 ) (77.220978 108 67 ) 
4 206 207 (96.547348 0 71 ) (96.547348 0 80 ) (77.220978 108 80 ) (77.220978 108 71 ) 
4 207 285 (96.547371 0 256 ) (96.192749 0 256 ) (96.192764 0 71 ) (96.547371 0 71 ) 
4 207 242 (0 166.333328 256 ) (0 208 256 ) (0 208 71 ) (0 166.333313 71 ) 
4 207 217 (96.194588 0 71 ) (96.195038 0 256 ) (0 166.337280 256 ) (0 166.336304 71 ) 
4 207 216 (48.006840 224 256 ) (48.006836 224 112 ) (0 207.997940 112 ) (0 207.997940 256 ) 
5 207 210 (52 120 71 ) (30.230225 114.062790 71 ) (0 166.337036 71 ) (0 204.500000 71 ) (19 210 71 ) 
4 207 209 (73.993660 125.998276 71 ) (96.540741 0 71 ) (96.192787 0 71 ) (30.230225 114.062790 71 ) 
5 207 208 (0 207.998703 71 ) (48.003906 224 71 ) (56.456497 224 71 ) (56.993668 220.998169 71 ) (0 204.500000 71 ) 
4 208 242 (0 208 71 ) (0 208 67 ) (0 204.500000 67 ) (0 204.500000 71 ) 
5 208 211 (0 207.998703 67 ) (48.003906 224 67 ) (56.456497 224 67 ) (56.993668 220.998169 67 ) (0 204.500000 67 ) 
4 208 210 (0 204.500824 67 ) (19 210 67 ) (19 210.001770 71 ) (0 204.501953 71 ) 
4 209 285 (96.192764 0 71 ) (96.192764 0 67 ) (96.547371 0 67 ) (96.547371 0 71 ) 
4 209 217 (96.194580 0 67 ) (96.194588 0 71 ) (30.230461 114.062851 71 ) (30.230450 114.062851 67 ) 
4 209 211 (73.993660 125.998276 67 ) (96.540741 0 67 ) (96.192787 0 67 ) (30.230225 114.062790 67 ) 
4 209 210 (52 120 67 ) (30.229469 114.061546 67 ) (30.228882 114.062408 71 ) (52 120 71 ) 
4 210 242 (0 204.500000 67 ) (0 166.333313 67 ) (0 166.333313 71 ) (0 204.500000 71 ) 
4 210 217 (30.230461 114.062851 71 ) (0 166.336304 71 ) (0 166.336288 67 ) (30.230450 114.062851 67 ) 
5 210 211 (52 120 67 ) (30.230225 114.062790 67 ) (0 166.337036 67 ) (0 204.500000 67 ) (19 210 67 ) 
4 211 285 (96.192764 0 67 ) (96.192764 0 62 ) (96.547371 0 62 ) (96.547371 0 67 ) 
4 211 242 (0 208 67 ) (0 208 62 ) (0 166.333313 62 ) (0 166.333313 67 ) 
4 211 217 (96.194565 0 62 ) (96.194580 0 67 ) (0 166.336288 67 ) (0 166.336258 62 ) 
5 211 214 (49.624992 224 62 ) (56.456497 224 62 ) (73.347961 129.606583 62 ) (52 120 62 ) (19 210 62 ) 
4 211 213 (73.347961 129.606583 62 ) (96.540741 0 62 ) (96.192787 0 62 ) (32.001137 111 62 ) 
4 211 212 (0 207.998703 62 ) (48.003906 224 62 ) (49.624992 224 62 ) (0 201.314285 62 ) 
4 212 243 (0 208 62 ) (0 208 58 ) (0 201.314285 58 ) (0 201.314285 62 ) 
4 212 214 (19 210 58 ) (49.625000 224 58 ) (49.627808 224 62 ) (19 209.998901 62 ) 
4 212 215 (0 207.998703 58 ) (48.003906 224 58 ) (49.624992 224 58 ) (0 201.314285 58 ) 
4 213 285 (96.192764 0 62 ) (96.192764 0 58 ) (96.547371 0 58 ) (96.547371 0 62 ) 
4 213 217 (96.194557 0 58 ) (96.194565 0 62 ) (32.001373 111 62 ) (32.001362 111 58 ) 
4 213 214 (73.354248 129.608276 58 ) (52 120 58 ) (52 120 62 ) (73.353516 129.608398 62 ) 
4 213 215 (73.347961 129.606583 58 ) (96.540741 0 58 ) (96.192787 0 58 ) (32.001137 111 58 ) 
5 214 215 (49.624992 224 58 ) (56.456497 224 58 ) (73.347961 129.606583 58 ) (52 120 58 ) (19 210 58 ) 
4 215 285 (96.192764 0 58 ) (96.192772 0 0 ) (96.547371 0 0 ) (96.547371 0 58 ) 
4 215 254 (0 166.333313 49 ) (0 166.333313 53 ) (0 205 53 ) (0 205 49 ) 
4 215 253 (0 166.333313 53 ) (0 166.333313 56 ) (0 205 56 ) (0 205 53 ) 
4 215 255 (0 205 0 ) (0 166.333313 0 ) (0 166.333313 49 ) (0 205 49 ) 
4 215 252 (0 208 56 ) (0 208 0 ) (0 205 0 ) (0 205 56 ) 
4 215 245 (0 208 58 ) (0 208 56 ) (0 166.333313 56 ) (0 166.333313 58 ) 
4 215 222 (30.168991 114.169006 44 ) (0 166.336166 44 ) (0 166.336151 40 ) (30.168993 114.168999 40 ) 
4 215 221 (96.194519 0 40 ) (96.194527 0 44 ) (30.168991 114.169006 44 ) (30.168993 114.168999 40 ) 
4 215 223 (0 166.335938 0 ) (96.194420 0 0 ) (96.194519 0 40 ) (0 166.336151 40 ) 
4 215 218 (96.194534 0 49 ) (96.194542 0 53 ) (32.001198 111 53 ) (32.001194 111 49 ) 
4 215 217 (96.194542 0 53 ) (96.194557 0 58 ) (0 166.336243 58 ) (0 166.336212 53 ) 
4 215 220 (96.194527 0 44 ) (96.194534 0 49 ) (0 166.336197 49 ) (0 166.336166 44 ) 
4 216 246 (0 208 256 ) (0 224 256 ) (0 224 112 ) (0 208 112 ) 
4 217 285 (96.192749 0 256 ) (0 0 256 ) (0 0 53 ) (96.192764 0 53 ) 
4 217 271 (0 0 53 ) (0 0 56 ) (0 16.631578 56 ) (0 16.631578 53 ) 
4 217 266 (0 16.631578 56 ) (0 35.200001 56 ) (0 35.199997 53 ) (0 16.631578 53 ) 
4 217 256 (0 55.325302 56 ) (0 114.709671 56 ) (0 114.709671 53 ) (0 55.325294 53 ) 
4 217 253 (0 114.709671 56 ) (0 166.333313 56 ) (0 166.333313 53 ) (0 114.709671 53 ) 
4 217 248 (0 35.200001 56 ) (0 55.325302 56 ) (0 55.325294 53 ) (0 35.199997 53 ) 
4 217 244 (0 166.333313 62 ) (0 166.333313 58 ) (0 128 58 ) (0 128 62 ) 
4 217 242 (0 128 256 ) (0 166.333328 256 ) (0 166.333313 62 ) (0 128 62 ) 
4 217 245 (0 166.333313 58 ) (0 166.333313 56 ) (0 128 56 ) (0 128 58 ) 
4 217 230 (0 0 56 ) (0 0 74 ) (0 128 74 ) (0 128 56 ) 
3 217 227 (0 0 207.996094 ) (0 0 256 ) (0 48.003902 256 ) 
5 217 226 (0 0 74 ) (0 0 207.996094 ) (0 48.003902 256 ) (0 128 256 ) (0 128 74 ) 
3 217 219 (14 98 53 ) (0 87.888893 53 ) (0 114.709679 53 ) 
4 217 218 (32.004353 111.003136 53 ) (96.199219 0 53 ) (0 0 53 ) (0 87.888893 53 ) 
4 218 285 (0 0 53 ) (0 0 49 ) (96.192764 0 49 ) (96.192764 0 53 ) 
4 218 271 (0 0 49 ) (0 0 53 ) (0 16.631578 53 ) (0 16.631577 49 ) 
4 218 266 (0 16.631578 53 ) (0 35.200001 53 ) (0 35.200001 49 ) (0 16.631577 49 ) 
4 218 256 (0 55.325302 53 ) (0 87.888885 53 ) (0 87.888893 49 ) (0 55.325298 49 ) 
4 218 248 (0 35.200001 53 ) (0 55.325302 53 ) (0 55.325298 49 ) (0 35.200001 49 ) 
4 218 219 (14 98 49 ) (0 87.888885 49 ) (0 87.890625 53 ) (14 98 53 ) 
4 218 220 (0 0 49 ) (0 87.888893 49 ) (32.005772 111.004181 49 ) (96.200768 0 49 ) 
4 219 256 (0 87.888885 53 ) (0 114.709679 53 ) (0 114.709671 49 ) (0 87.888893 49 ) 
3 219 220 (0 87.888893 49 ) (0 114.709679 49 ) (14 98 49 ) 
4 220 285 (0 0 49 ) (0 0 44 ) (96.192764 0 44 ) (96.192764 0 49 ) 
4 220 271 (0 0 44 ) (0 0 49 ) (0 16.631578 49 ) (0 16.631578 44 ) 
4 220 266 (0 16.631578 49 ) (0 35.200001 49 ) (0 35.199997 44 ) (0 16.631578 44 ) 
4 220 256 (0 55.325302 49 ) (0 114.709671 49 ) (0 114.709671 44 ) (0 55.325294 44 ) 
4 220 255 (0 114.709671 49 ) (0 166.333313 49 ) (0 166.333313 44 ) (0 114.709671 44 ) 
4 220 248 (0 35.200001 49 ) (0 55.325302 49 ) (0 55.325294 44 ) (0 35.199997 44 ) 
4 220 222 (0 166.343750 44 ) (30.171839 114.171844 44 ) (14 98 44 ) (0 114.709679 44 ) 
4 220 221 (30.171839 114.171844 44 ) (96.199219 0 44 ) (0 0 44 ) (0 84 44 ) 
4 221 285 (0 0 44 ) (0 0 40 ) (96.192764 0 40 ) (96.192764 0 44 ) 
4 221 271 (0 0 40 ) (0 0 44 ) (0 16.631578 44 ) (0 16.631577 40 ) 
4 221 266 (0 16.631578 44 ) (0 35.200001 44 ) (0 35.200005 40 ) (0 16.631577 40 ) 
4 221 258 (0 55.325302 44 ) (0 84 44 ) (0 84 40 ) (0 55.325302 40 ) 
4 221 248 (0 35.200001 44 ) (0 55.325302 44 ) (0 55.325302 40 ) (0 35.200005 40 ) 
4 221 222 (30.167969 114.167969 40 ) (14 98 40 ) (14 98 44 ) (30.167969 114.167969 44 ) 
4 221 223 (0 0 40 ) (0 84 40 ) (30.173128 114.173134 40 ) (96.200768 0 40 ) 
4 222 255 (0 114.709671 44 ) (0 166.333313 44 ) (0 166.333313 40 ) (0 114.709671 40 ) 
4 222 223 (0 114.709679 40 ) (0 166.347656 40 ) (30.173128 114.173134 40 ) (14 98 40 ) 
4 223 285 (0 0 40 ) (0 0 0 ) (96.192772 0 0 ) (96.192764 0 40 ) 
4 223 273 (0 0 4 ) (0 0 8 ) (0 16.631578 8 ) (0 16.631578 4 ) 
4 223 271 (0 0 8 ) (0 0 40 ) (0 16.631578 40 ) (0 16.631578 8 ) 
4 223 274 (0 0 0 ) (0 0 4 ) (0 16.631578 4 ) (0 16.631578 0 ) 
4 223 269 (0 35.199997 17 ) (0 35.199997 13 ) (0 16.631578 13 ) (0 16.631578 17 ) 
4 223 268 (0 35.200001 36 ) (0 35.199997 17 ) (0 16.631578 17 ) (0 16.631578 36 ) 
4 223 270 (0 35.199997 13 ) (0 35.199997 0 ) (0 16.631578 0 ) (0 16.631578 13 ) 
4 223 266 (0 16.631578 40 ) (0 35.200001 40 ) (0 35.200001 36 ) (0 16.631578 36 ) 
4 223 263 (0 114.709671 35 ) (0 114.709671 31 ) (0 84.769226 31 ) (0 84.769226 35 ) 
4 223 262 (0 84.769226 31 ) (0 55.325302 31 ) (0 55.325302 35 ) (0 84.769226 35 ) 
4 223 264 (0 114.709671 31 ) (0 114.709671 0 ) (0 55.325294 0 ) (0 55.325302 31 ) 
4 223 260 (0 55.325302 40 ) (0 114.709671 40 ) (0 114.709671 35 ) (0 55.325302 35 ) 
4 223 255 (0 114.709671 40 ) (0 166.333313 40 ) (0 166.333313 0 ) (0 114.709671 0 ) 
4 223 250 (0 55.325298 26 ) (0 55.325298 22 ) (0 35.200001 22 ) (0 35.200001 26 ) 
4 223 248 (0 35.200001 40 ) (0 55.325302 40 ) (0 55.325298 26 ) (0 35.200001 26 ) 
4 223 251 (0 55.325298 22 ) (0 55.325294 0 ) (0 35.199997 0 ) (0 35.200001 22 ) 
4 224 297 (-512 0 256 ) (-512 0 0 ) (-320 0 0 ) (-320 0 256 ) 
4 224 296 (-512 0 320 ) (-512 0 256 ) (-320 0 256 ) (-320 0 320 ) 
4 224 287 (-320 0 512 ) (-512 0 512 ) (-512 0 320 ) (-320 0 320 ) 
4 224 279 (-91.428619 171.428528 0 ) (-64 192 0 ) (-64 192 56 ) (-91.428421 171.428802 56 ) 
4 224 247 (-320 0 0 ) (-91.428619 171.428528 0 ) (-91.428421 171.428802 56 ) (-320 0 56 ) 
4 224 246 (0 240 94 ) (0 240 512 ) (-64 192 512 ) (-64 192 94 ) 
4 224 240 (-320 0 256 ) (-320 0 207.996094 ) (-271.988525 36.009083 244.005188 ) (-266.657501 40.007355 256 ) 
3 224 239 (-271.988525 36.009083 244.005188 ) (-255.995453 48.003899 256 ) (-266.657501 40.007355 256 ) 
5 224 238 (-320 0 207.996094 ) (-320 0 56 ) (-184 102 56 ) (-184 102 256 ) (-255.995453 48.003899 256 ) 
4 224 237 (-320 0 320 ) (-320 0 256 ) (-184 102 256 ) (-184 102 320 ) 
4 224 235 (-184 102 56 ) (-136 138 56 ) (-136 138 256 ) (-184 102 256 ) 
4 224 234 (-136 138 256 ) (-136 138 320 ) (-184 102 320 ) (-184 102 256 ) 
4 224 233 (-136 138 512 ) (-320.001312 0 512 ) (-320 0 320 ) (-136 138 320 ) 
4 224 232 (-118.857216 150.857208 56 ) (-64 192 56 ) (-64 192 74 ) (-118.857231 150.857224 74 ) 
4 224 231 (-136 138 74 ) (-136 138 56 ) (-118.857216 150.857208 56 ) (-118.857231 150.857224 74 ) 
4 224 226 (-136 138 256 ) (-136 138 74 ) (-64 192 74 ) (-64 192 256 ) 
4 224 225 (-64 192 512 ) (-136 138 512 ) (-136 138 256 ) (-64 192 256 ) 
4 225 288 (0 0 256 ) (0 0 320 ) (-136 0 320 ) (-136 0 256 ) 
4 225 287 (0 0 320 ) (0 0 512 ) (-136 0 512 ) (-136 0 320 ) 
4 225 246 (-64.003891 192.003891 256 ) (-64.003876 192.003876 512 ) (-48 176 512 ) (-48 176 256 ) 
4 225 242 (-48 176 512 ) (0 128 512 ) (0 128 256 ) (-48 176 256 ) 
4 225 234 (-136 138 320 ) (-136 138 256 ) (-136 32 256 ) (-136 32 320 ) 
4 225 233 (-136 138 512 ) (-136 138 320 ) (-136 0 320 ) (-136 0 512 ) 
4 225 229 (-127.992653 40.007355 256 ) (-119.992172 40.007355 256 ) (-119.992172 0 256 ) (-127.992653 0 256 ) 
4 225 228 (-136 40.007359 256 ) (-136 48.003899 256 ) (-119.992172 48.003899 256 ) (-119.992172 40.007355 256 ) 
4 225 227 (-119.992172 48.003899 256 ) (0 48.003899 256 ) (0 0 256 ) (-119.992172 0 256 ) 
5 225 226 (-136 48.003899 256 ) (-136 137.996094 256 ) (-64.002213 191.998322 256 ) (0 127.996117 256 ) (0 48.003899 256 ) 
4 226 289 (0 0 74 ) (0 0 207.996094 ) (-136 0 207.996094 ) (-136 0 74 ) 
4 226 246 (-64.003906 192.003906 94 ) (-64.003891 192.003891 256 ) (-48 176 256 ) (-48 176 94 ) 
4 226 242 (-48 176 256 ) (0 128 256 ) (0 128 74 ) (-48 176 74 ) 
5 226 235 (-136 138 256 ) (-136 138 74 ) (-136 32 74 ) (-136 32 239.996094 ) (-136 48.003899 256 ) 
3 226 232 (-118.855446 150.855438 74 ) (-64.002213 191.998322 74 ) (-112 144 74 ) 
4 226 231 (-136 88 74 ) (-136 137.996094 74 ) (-118.855446 150.855438 74 ) (-96 128 74 ) 
5 226 230 (-136 0 74 ) (-136 88 74 ) (-48.001945 175.998062 74 ) (0 127.996124 74 ) (0 0 74 ) 
4 226 228 (-119.992172 48.007774 256 ) (-136 48.007774 256 ) (-136 36.007149 244 ) (-131.992798 36.007149 244 ) 
5 226 227 (0 0 207.992218 ) (0 48.007774 256 ) (-119.992172 48.007774 256 ) (-136 32 239.992172 ) (-136 0 207.992218 ) 
5 227 289 (0 0 207.996094 ) (0 0 256 ) (-119.992172 0 256 ) (-136 0 239.992188 ) (-136 0 207.996094 ) 
5 227 229 (-131.985062 36.011032 244.011032 ) (-131.990921 36.005169 244.005173 ) (-131.990936 0 244.005157 ) (-119.996094 0 256 ) (-119.996094 40.007359 256 ) 
3 227 228 (-119.996094 48 256 ) (-131.985062 36.011032 244.011032 ) (-119.996094 40.007359 256 ) 
3 228 236 (-136 40.007359 256 ) (-136 48.003899 256 ) (-136 36.009083 244.005188 ) 
3 228 229 (-131.990936 36.009533 244.005157 ) (-119.996094 40.007813 256 ) (-127.992653 40.007813 256 ) 
3 229 290 (-119.992172 0 256 ) (-127.992653 0 256 ) (-131.992889 0 244 ) 
4 230 289 (0 0 56 ) (0 0 74 ) (-136 0 74 ) (-136 0 56 ) 
4 230 271 (0 0 56 ) (-136 0 56 ) (-136 40.968422 56 ) (0 16.631577 56 ) 
5 230 266 (-136 40.968422 56 ) (-136 80 56 ) (-122.181824 80 56 ) (0 35.200005 56 ) (0 16.631577 56 ) 
3 230 265 (-126.857147 81.714287 56 ) (-122.181824 80 56 ) (-128 80 56 ) 
5 230 256 (-96 128 56 ) (-49.823532 174.176468 56 ) (0 114.709679 56 ) (0 55.325302 56 ) (-104.255066 115.617386 56 ) 
4 230 253 (-45.629612 173.629639 56 ) (0 128 56 ) (0 114.709679 56 ) (-48 172 56 ) 
4 230 252 (-49.823532 174.176468 56 ) (-48 176 56 ) (-45.629612 173.629639 56 ) (-48 172 56 ) 
4 230 248 (0 55.325302 56 ) (0 35.200005 56 ) (-126.857132 81.714279 56 ) (-104.255066 115.617386 56 ) 
4 230 244 (-48 176 58 ) (-48 176 62 ) (0 128 62 ) (0 128 58 ) 
4 230 242 (-48 176 62 ) (-48 176 74 ) (0 128 74 ) (0 128 62 ) 
4 230 245 (0 128 56 ) (-48 176 56 ) (-48 176 58 ) (0 128 58 ) 
4 230 235 (-136 88 56 ) (-136 32 56 ) (-136 32 74 ) (-136 88 74 ) 
4 230 231 (-136 88 56 ) (-136 88 74 ) (-96 128 74 ) (-96 128 56 ) 
4 231 247 (-136 112 56 ) (-136 138 56 ) (-118.857132 150.857132 56 ) (-112 144 56 ) 
4 231 235 (-136 138 74 ) (-136 138 56 ) (-136 88 56 ) (-136 88 74 ) 
4 231 232 (-112 144 56 ) (-118.857147 150.857147 56 ) (-118.857147 150.857147 74 ) (-112 144 74 ) 
3 232 279 (-91.428635 171.428497 56 ) (-64 192 56 ) (-112 144 56 ) 
3 232 247 (-118.857132 150.857132 56 ) (-91.428635 171.428497 56 ) (-112 144 56 ) 
4 233 287 (-136 0 512 ) (-320 0 512 ) (-320 0 320 ) (-136 0 320 ) 
3 233 237 (-320 0 320 ) (-184 102 320 ) (-184 0 320 ) 
4 233 234 (-184 102 320 ) (-136 138 320 ) (-136 32 320 ) (-184 32 320 ) 
4 234 237 (-184 32 320 ) (-184 102.003906 320 ) (-184 102.002960 256 ) (-184 32 256 ) 
4 234 236 (-184 40.007355 256 ) (-184 48.003899 256 ) (-136 48.003906 256 ) (-136 40.007355 256 ) 
4 234 235 (-184 48.003899 256 ) (-184 102 256 ) (-136 138 256 ) (-136 48.003906 256 ) 
5 235 275 (-184 32 56 ) (-184 48 56 ) (-160 80 56 ) (-136 80 56 ) (-136 32 56 ) 
4 235 247 (-184 48 56 ) (-184 102 56 ) (-136 138 56 ) (-136 112 56 ) 
5 235 238 (-184 102.002960 256 ) (-184 102 56 ) (-184 32 56 ) (-184 32 239.996094 ) (-184 48.003902 256 ) 
4 235 236 (-136 36.007122 244 ) (-136 48.007813 256 ) (-184 48.007813 256 ) (-184 36.007122 244 ) 
3 236 239 (-184 40.007355 256 ) (-184 48.003902 256 ) (-184 36.009075 244.005173 ) 
4 237 296 (-320 0 320 ) (-320 0 256 ) (-184 0 256 ) (-184 0 320 ) 
4 237 241 (-200 40.007355 256 ) (-192 40.007355 256 ) (-192 0 256 ) (-200 0 256 ) 
4 237 240 (-320 0 256 ) (-266.656830 40.007359 256 ) (-200 40.007355 256 ) (-200 0 256 ) 
4 237 239 (-266.656830 40.007359 256 ) (-255.994781 48.003899 256 ) (-184 48.003899 256 ) (-184 40.007355 256 ) 
3 237 238 (-255.994781 48.003899 256 ) (-184 102 256 ) (-184 48.003899 256 ) 
4 238 297 (-320 0 207.996094 ) (-320 0 56 ) (-184 0 56 ) (-184 0 207.996094 ) 
3 238 278 (-184 0 56 ) (-220 0 56 ) (-184 48 56 ) 
4 238 247 (-220 0 56 ) (-320 0 56 ) (-184 102 56 ) (-184 48 56 ) 
5 238 240 (-184 0 207.992188 ) (-184 32.007813 240 ) (-188 36.007130 244 ) (-271.990723 36.007130 244 ) (-320 0 207.992188 ) 
4 238 239 (-184 36.007130 244 ) (-184 48.007813 256 ) (-255.989594 48.007813 256 ) (-271.990723 36.007130 244 ) 
4 239 241 (-188.003906 36.009769 244.003922 ) (-188.001297 36.009769 244.003922 ) (-192 40.008793 256 ) (-200 40.008793 256 ) 
4 239 240 (-271.988281 36.009773 244.003922 ) (-188.003906 36.009769 244.003922 ) (-200 40.008793 256 ) (-266.654968 40.008793 256 ) 
5 240 297 (-320 0 256 ) (-320 0 207.996094 ) (-184 0 207.996094 ) (-184 0 240 ) (-200 0 256 ) 
5 240 241 (-188 36 244 ) (-188.011719 36.012695 244.011719 ) (-200 40.008789 256 ) (-200 0 256 ) (-188 0 244 ) 
3 241 298 (-192 0 256 ) (-200 0 256 ) (-188 0 244 ) 
4 242 246 (-48 176 94 ) (-48 176 512 ) (0 208 512 ) (0 208 94 ) 
5 242 244 (0 128 62 ) (-48 176 62 ) (-31.909061 186.727295 62 ) (-16 194 62 ) (0 166.333328 62 ) 
3 242 243 (-31.909061 186.727295 62 ) (0 208 62 ) (0 201.314285 62 ) 
4 243 244 (-31.906250 186.728516 58 ) (-16 194 58 ) (-16 194 62 ) (-31.910156 186.726563 62 ) 
3 243 245 (-31.909061 186.727295 58 ) (0 208 58 ) (0 201.314285 58 ) 
5 244 245 (0 128 58 ) (-48 176 58 ) (-31.909061 186.727295 58 ) (-16 194 58 ) (0 166.333328 58 ) 
3 245 253 (0 205 56 ) (0 128 56 ) (-45.629612 173.629639 56 ) 
4 245 252 (0 208 56 ) (0 205 56 ) (-45.629612 173.629639 56 ) (-48 176 56 ) 
4 247 297 (-220 0 56 ) (-320 0 56 ) (-320 0 0 ) (-220 0 0 ) 
4 247 279 (-112.009857 143.990158 0 ) (-91.433594 171.425781 0 ) (-91.433594 171.425781 56 ) (-112.011726 143.988266 56 ) 
4 247 277 (-184 48.001099 0 ) (-160.001373 80 0 ) (-160.002365 80 36 ) (-184 48.002895 36 ) 
4 247 275 (-160.002365 80 36 ) (-160.002914 80 56 ) (-184 48.003891 56 ) (-184 48.002895 36 ) 
4 247 278 (-220 0 0 ) (-184 48.001099 0 ) (-184 48.003891 56 ) (-220.002930 0 56 ) 
4 248 268 (0 35.201107 26 ) (0 35.201130 36 ) (-114 77 36 ) (-114 77 26 ) 
4 248 267 (-114 77 36 ) (-122.178925 80 36 ) (-122.178940 80 26 ) (-114 77 26 ) 
4 248 266 (0 35.201130 36 ) (0 35.201172 56 ) (-122.178886 80 56 ) (-122.178925 80 36 ) 
4 248 265 (-122.178886 80 56 ) (-126.856575 81.715149 56 ) (-126.856583 81.715134 26 ) (-122.178940 80 26 ) 
4 248 262 (-15 64 35 ) (0 55.325756 35 ) (0 55.325756 31 ) (-15 64 31 ) 
4 248 261 (-104.253906 115.617188 31 ) (-104.253906 115.617188 35 ) (-98 112 35 ) (-98 112 31 ) 
4 248 264 (-104.253906 115.617188 26 ) (-104.253906 115.617188 31 ) (0 55.325756 31 ) (0 55.325756 26 ) 
4 248 259 (-104.253906 115.617188 40 ) (-104.253906 115.617188 44 ) (-18.167648 65.832352 44 ) (-18.167652 65.832352 40 ) 
4 248 258 (-18.167648 65.832352 44 ) (0 55.325756 44 ) (0 55.325756 40 ) (-18.167652 65.832352 40 ) 
4 248 256 (-104.253906 115.617188 44 ) (-104.253906 115.617188 56 ) (0 55.325760 56 ) (0 55.325756 44 ) 
4 248 260 (-104.253906 115.617188 35 ) (-104.253906 115.617188 40 ) (0 55.325756 40 ) (0 55.325756 35 ) 
4 248 250 (-15.001221 63.997276 26 ) (0 55.321873 26 ) (0 35.200508 26 ) (-24 44 26 ) 
4 248 249 (-126.855469 81.714844 26 ) (-104.253906 115.613281 26 ) (-98.001251 111.997284 26 ) (-114 77 26 ) 
4 249 267 (-114 77 26 ) (-122.178940 80 26 ) (-122.178940 80 22 ) (-114 77 22 ) 
4 249 265 (-122.178940 80 26 ) (-126.856583 81.715134 26 ) (-126.856583 81.715134 22 ) (-122.178940 80 22 ) 
4 249 264 (-104.253906 115.617188 22 ) (-104.253906 115.617188 26 ) (-98 112 26 ) (-98 112 22 ) 
4 249 251 (-126.855469 81.714844 22 ) (-104.253906 115.613281 22 ) (-98.001251 111.997284 22 ) (-114 77 22 ) 
4 250 268 (0 35.201099 22 ) (0 35.201107 26 ) (-24 44 26 ) (-24 44 22 ) 
4 250 264 (-15 64 26 ) (0 55.325756 26 ) (0 55.325756 22 ) (-15 64 22 ) 
4 250 251 (-15.001221 63.997276 22 ) (0 55.321873 22 ) (0 35.200508 22 ) (-24 44 22 ) 
4 251 269 (0 35.201080 13 ) (0 35.201088 17 ) (-24 44 17 ) (-24 44 13 ) 
4 251 268 (0 35.201088 17 ) (0 35.201099 22 ) (-114 77 22 ) (-114 77 17 ) 
4 251 270 (-114 77 0 ) (0 35.201054 0 ) (0 35.201080 13 ) (-114 77 13 ) 
4 251 267 (-122.178963 80 0 ) (-114 77 0 ) (-114 77 22 ) (-122.178940 80 22 ) 
4 251 265 (-126.856583 81.715126 0 ) (-122.178963 80 0 ) (-122.178940 80 22 ) (-126.856583 81.715134 22 ) 
4 251 264 (0 55.325756 0 ) (-104.253906 115.617188 0 ) (-104.253906 115.617188 22 ) (0 55.325756 22 ) 
4 252 263 (-48 172 31 ) (-48 172 35 ) (-49.823452 174.176529 35 ) (-49.823452 174.176529 31 ) 
4 252 264 (-49.823452 174.176529 0 ) (-48 172 0 ) (-48 172 31 ) (-49.823452 174.176529 31 ) 
4 252 257 (-48 172 40 ) (-48 172 44 ) (-49.823452 174.176529 44 ) (-49.823452 174.176529 40 ) 
4 252 256 (-48 172 44 ) (-48 172 56 ) (-49.823452 174.176529 56 ) (-49.823452 174.176529 44 ) 
4 252 260 (-48 172 35 ) (-48 172 40 ) (-49.823452 174.176529 40 ) (-49.823452 174.176529 35 ) 
4 252 254 (-16 194 49 ) (0 205 49 ) (0 205 53 ) (-16 194 53 ) 
4 252 253 (-48 172 56 ) (-48 172 53 ) (0 205 53 ) (0 205 56 ) 
4 252 255 (-48 172 49 ) (-48 172 0 ) (0 205 0 ) (0 205 49 ) 
4 253 256 (0 114.709908 53 ) (0 114.709908 56 ) (-48 172 56 ) (-48 172 53 ) 
3 253 254 (-16 194 53 ) (0 205 53 ) (0 166.333328 53 ) 
3 254 255 (-16 194 49 ) (0 205 49 ) (0 166.333328 49 ) 
4 255 263 (0 114.709908 31 ) (0 114.709908 35 ) (-48 172 35 ) (-48 172 31 ) 
4 255 264 (-48 172 0 ) (0 114.709908 0 ) (0 114.709908 31 ) (-48 172 31 ) 
4 255 256 (0 114.709908 44 ) (0 114.709908 49 ) (-48 172 49 ) (-48 172 44 ) 
4 255 260 (0 114.709908 35 ) (0 114.709908 40 ) (-48 172 40 ) (-48 172 35 ) 
5 256 259 (-2 82 44 ) (-18.168430 65.831573 44 ) (-104.255722 115.616425 44 ) (-104 116 44 ) (-76 144 44 ) 
3 256 258 (0 84 44 ) (0 55.324650 44 ) (-18.168430 65.831573 44 ) 
4 256 257 (-96 128 44 ) (-49.816406 174.183594 44 ) (-47.992874 172.007126 44 ) (-104 116 44 ) 
4 257 259 (-104 116 40 ) (-76 144 40 ) (-76 144 44 ) (-104 116 44 ) 
4 257 260 (-96 128 40 ) (-49.816406 174.183594 40 ) (-47.992874 172.007126 40 ) (-104 116 40 ) 
4 258 259 (-2 82 40 ) (-18.167942 65.832062 40 ) (-18.167969 65.832031 44 ) (-2 82 44 ) 
3 258 260 (0 84 40 ) (0 55.324650 40 ) (-18.168430 65.831573 40 ) 
5 259 260 (-2 82 40 ) (-18.168430 65.831573 40 ) (-104.255722 115.616425 40 ) (-104 116 40 ) (-76 144 40 ) 
6 260 263 (-49.823589 174.176407 35 ) (0 114.709450 35 ) (0 84.769226 35 ) (-2 82 35 ) (-76 144 35 ) (-67.200066 156.799927 35 ) 
3 260 262 (0 84.769226 35 ) (0 55.324684 35 ) (-15 64 35 ) 
4 260 261 (-98 112 35 ) (-104.255356 115.616928 35 ) (-96 128 35 ) (-67.200066 156.799927 35 ) 
4 261 263 (-76 144 31 ) (-67.203125 156.796875 31 ) (-67.203125 156.796875 35 ) (-76 144 35 ) 
4 261 264 (-96 128 31 ) (-67.200005 156.800003 31 ) (-98 112 31 ) (-104.255722 115.616425 31 ) 
4 262 263 (0 84.767624 31 ) (-2 82 31 ) (-2 82 35 ) (0 84.767471 35 ) 
3 262 264 (0 84.769234 31 ) (0 55.324650 31 ) (-15 64 31 ) 
6 263 264 (-67.200005 156.800003 31 ) (-49.816406 174.183594 31 ) (0 114.725281 31 ) (0 84.769234 31 ) (-2 82 31 ) (-76 144 31 ) 
4 265 267 (-128 80 0 ) (-122.177734 80 0 ) (-122.177734 80 36 ) (-128 80 36 ) 
4 265 266 (-122.177734 80 36 ) (-122.177734 80 56 ) (-128 80 56 ) (-128 80 36 ) 
4 266 275 (-136 80 56 ) (-136 80 36 ) (-136 40.968422 36 ) (-136 40.968422 56 ) 
4 266 271 (-136 40.967773 56 ) (-136 40.967773 36 ) (0 16.630894 36 ) (0 16.630894 56 ) 
4 266 268 (0 16.636463 36 ) (-124.998573 39.004929 36 ) (-114 77 36 ) (0 35.199135 36 ) 
6 266 267 (-124.998573 39.004929 36 ) (-136 40.973633 36 ) (-136 56 36 ) (-128 80 36 ) (-122.181824 80 36 ) (-114 77 36 ) 
4 267 276 (-136 56 0 ) (-136 40.968426 0 ) (-136 40.968422 36 ) (-136 56 36 ) 
4 267 272 (-136 40.967773 8 ) (-136 40.967773 4 ) (-125 39 4 ) (-125 39 8 ) 
4 267 271 (-136 40.967773 36 ) (-136 40.967773 8 ) (-125 39 8 ) (-125 39 36 ) 
4 267 274 (-136 40.967773 4 ) (-136 40.967773 0 ) (-125 39 0 ) (-125 39 4 ) 
4 267 268 (-114.001106 77 17 ) (-114.001106 77 36 ) (-125 39.003906 36 ) (-125 39.003902 17 ) 
4 267 270 (-114.001106 77 0 ) (-114.001106 77 13 ) (-125 39.003902 13 ) (-125 39.003902 0 ) 
4 268 271 (0 16.630894 17 ) (0 16.630894 36 ) (-125 39 36 ) (-125 39 17 ) 
4 268 269 (0 16.627163 17 ) (-30.001116 21.995907 17 ) (-24 44 17 ) (0 35.199196 17 ) 
4 269 271 (0 16.630894 13 ) (0 16.630894 17 ) (-30 22 17 ) (-30 22 13 ) 
4 269 270 (0 16.627163 13 ) (-30.001116 21.995907 13 ) (-24 44 13 ) (0 35.199196 13 ) 
4 270 273 (0 16.630894 4 ) (0 16.630894 8 ) (-30 22 8 ) (-30 22 4 ) 
4 270 271 (0 16.630894 8 ) (0 16.630894 13 ) (-125 39 13 ) (-125 39 8 ) 
4 270 274 (-125 39 0 ) (0 16.630894 0 ) (0 16.630894 4 ) (-125 39 4 ) 
4 271 289 (0 0 8 ) (0 0 56 ) (-136 0 56 ) (-136 0 8 ) 
4 271 276 (-136 40.968422 36 ) (-136 40.968426 8 ) (-136 32 8 ) (-136 32 36 ) 
4 271 275 (-136 32 56 ) (-136 40.968422 56 ) (-136 40.968422 36 ) (-136 32 36 ) 
4 271 273 (-30 22.006092 8 ) (0 16.637772 8 ) (0 0 8 ) (-32 0 8 ) 
4 271 272 (-136 0 8 ) (-136 40.974609 8 ) (-125 39.006104 8 ) (-128 0 8 ) 
4 272 289 (-128 0 8 ) (-136 0 8 ) (-136 0 4 ) (-128 0 4 ) 
4 272 276 (-136 32 8 ) (-136 40.968426 8 ) (-136 40.968426 4 ) (-136 32 4 ) 
4 272 274 (-136 0 4 ) (-136 40.974609 4 ) (-125 39.006104 4 ) (-128 0 4 ) 
4 273 289 (0 0 4 ) (0 0 8 ) (-32 0 8 ) (-32 0 4 ) 
4 273 274 (-30 22.006092 4 ) (0 16.637770 4 ) (0 0 4 ) (-32 0 4 ) 
4 274 289 (0 0 0 ) (0 0 4 ) (-136 0 4 ) (-136 0 0 ) 
4 274 276 (-136 40.968426 0 ) (-136 32 0 ) (-136 32 4 ) (-136 40.968426 4 ) 
4 275 277 (-176 32 36 ) (-184 32 36 ) (-184 48 36 ) (-160 80 36 ) 
3 275 276 (-136 32 36 ) (-144 32 36 ) (-136 56 36 ) 
4 275 278 (-184 48.001953 56 ) (-184 48.001953 36 ) (-184 32 36 ) (-184 32 56 ) 
4 277 278 (-184 48.001953 36 ) (-184 48.001953 0 ) (-184 32 0 ) (-184 32 36 ) 
4 278 297 (-184 0 56 ) (-220 0 56 ) (-220 0 0 ) (-184 0 0 ) 
4 280 284 (256 -32 320 ) (256 -32 512 ) (256 0 512 ) (256 0 320 ) 
4 280 283 (256 -32 512 ) (256 -32 256 ) (512 -32 256 ) (512 -32 512 ) 
4 280 282 (272 -32 256 ) (264 -32 256 ) (264 0 256 ) (272 0 256 ) 
4 280 281 (512 -32 256 ) (272 -32 256 ) (272 0 256 ) (512 0 256 ) 
5 281 283 (256 -32 240 ) (256 -32 0 ) (512 -32 0 ) (512 -32 256 ) (272 -32 256 ) 
4 281 282 (260 -32 244 ) (272 -32 256 ) (272 0 256 ) (260 0 244 ) 
3 282 283 (260 -32 244 ) (272 -32 256 ) (264 -32 256 ) 
4 283 286 (256 -32 0 ) (256 -512 0 ) (256 -512 512 ) (256 -32 512 ) 
4 284 286 (256 -32 320 ) (256 -32 512 ) (224 -32 512 ) (224 -32 320 ) 
4 284 285 (224 -32 320 ) (224 -32 512 ) (224 0 512 ) (224 0 320 ) 
4 285 289 (0 0 256 ) (0 0 0 ) (0 -32 0 ) (0 -32 256 ) 
4 285 288 (0 0 320 ) (0 0 256 ) (0 -32 256 ) (0 -32 320 ) 
4 285 287 (0 0 512 ) (0 0 320 ) (0 -32 320 ) (0 -32 512 ) 
4 285 286 (0 -32 0 ) (224 -32 0 ) (224 -32 512 ) (0 -32 512 ) 
4 286 289 (0 -32 0 ) (0 -512 0 ) (0 -512 256 ) (0 -32 256 ) 
4 286 288 (0 -512 256 ) (0 -512 320 ) (0 -32 320 ) (0 -32 256 ) 
4 286 287 (0 -512 320 ) (0 -512 512 ) (0 -32 512 ) (0 -32 320 ) 
4 287 296 (-184 -512 320 ) (-512 -512 320 ) (-512 0 320 ) (-184 0 320 ) 
4 287 293 (-136 -512 320 ) (-184 -512 320 ) (-184 -16 320 ) (-136 -16 320 ) 
4 287 288 (0 -512 320 ) (-136 -512 320 ) (-136 0 320 ) (0 0 320 ) 
4 288 293 (-136 -512 256 ) (-136 -512 320 ) (-136 -16 320 ) (-136 -16 256 ) 
4 288 292 (-136 -32 256 ) (-136 -24 256 ) (-127.992653 -24 256 ) (-127.992653 -32 256 ) 
4 288 291 (-127.992653 -512 256 ) (-136 -512 256 ) (-136 -32 256 ) (-127.992653 -32 256 ) 
4 288 290 (-119.992172 -512 256 ) (-127.992653 -512 256 ) (-127.992653 0 256 ) (-119.992172 0 256 ) 
4 288 289 (0 -512 256 ) (-119.992172 -512 256 ) (-119.992172 0 256 ) (0 0 256 ) 
4 289 294 (-136 -16 0 ) (-136 -512 0 ) (-136 -512 239.992172 ) (-136 -16 239.992172 ) 
4 289 291 (-136 -15.992186 239.992188 ) (-136 -512 239.992188 ) (-131.992889 -512 244 ) (-131.992889 -20 244 ) 
4 289 290 (-131.992889 -512 244 ) (-119.992188 -512 256 ) (-119.992188 0 256 ) (-131.992889 0 244 ) 
3 290 292 (-131.992508 -20 244 ) (-127.992188 -32 256 ) (-127.992188 -24 256 ) 
4 290 291 (-131.993164 -19.998039 243.998047 ) (-131.993164 -512 243.998062 ) (-127.992188 -512 256 ) (-127.992188 -32 256 ) 
4 291 294 (-136 -512 239.992172 ) (-136 -512 256 ) (-136 -32 256 ) (-136 -15.992164 239.992172 ) 
4 291 292 (-127.992188 -32 256 ) (-131.991867 -20 244 ) (-136 -20 244 ) (-136 -32 256 ) 
3 292 295 (-136 -32 256 ) (-136 -24 256 ) (-136 -20 244 ) 
4 293 296 (-184 -512 256 ) (-184 -512 320 ) (-184 -16 320 ) (-184 -16 256 ) 
4 293 295 (-184 -32 256 ) (-184 -24 256 ) (-136 -24 256 ) (-136 -32 256 ) 
4 293 294 (-184 -512 256 ) (-184 -32 256 ) (-136 -32 256 ) (-136 -512 256 ) 
4 294 299 (-184 -512 240 ) (-184 -512 256 ) (-184 -32 256 ) (-184 -16 240 ) 
4 294 297 (-184 -16 0 ) (-184 -512 0 ) (-184 -512 240 ) (-184 -16 240 ) 
4 294 295 (-184 -20 244 ) (-184 -32 256 ) (-136 -32 256 ) (-136 -20 244 ) 
3 295 300 (-184 -32 256 ) (-184 -24 256 ) (-184 -20 244 ) 
4 296 300 (-184 -24 256 ) (-184 -32 256 ) (-192 -32 256 ) (-192 -24 256 ) 
4 296 299 (-184 -32 256 ) (-184 -512 256 ) (-192 -512 256 ) (-192 -32 256 ) 
4 296 298 (-192 -512 256 ) (-200 -512 256 ) (-200 0 256 ) (-192 0 256 ) 
4 296 297 (-200 -512 256 ) (-512 -512 256 ) (-512 0 256 ) (-200 0 256 ) 
4 297 299 (-184 -512 240.001938 ) (-184 -16.001923 240.001953 ) (-188 -20.002914 244.002930 ) (-188 -512 244.002914 ) 
4 297 298 (-188 0 244.002930 ) (-199.998047 0 256 ) (-199.998062 -512 256 ) (-188 -512 244.002914 ) 
4 298 300 (-188 -20.001953 244.001953 ) (-188 -20 244.001953 ) (-192 -24 256 ) (-192 -32 256 ) 
4 298 299 (-188 -512 244.001968 ) (-188 -20.001953 244.001953 ) (-192 -32 256 ) (-192 -512 256 ) 
4 299 300 (-188 -20 244 ) (-192 -32 256 ) (-184 -32 256 ) (-184 -20 244 ) 
